Crowled! :) https://www.cnn.com/2019/05/08/middleeast/iran-us-nuclear-deal-background-intl/index.html
********************************************************************************
NOT Crowled! https://www.cnbc.com/2019/05/08/iran-threatens-to-pull-out-of-some-parts-of-2015-nuclear-deal.html
list index out of range
********************************************************************************
NOT Crowled! https://www.bbc.com/news/world-middle-east-48197628
list index out of range
********************************************************************************
NOT Crowled! https://www.newsweek.com/iran-nuclear-deal-us-threats-1418718
list index out of range
********************************************************************************
NOT Crowled! https://www.reuters.com/article/us-usa-iran-actions/iran-to-restart-some-nuclear-activity-in-response-to-us-withdrawal-from-nuclear-deal-idUSKCN1SC1FP
list index out of range
********************************************************************************
NOT Crowled! http://tass.com/world/1059367
list index out of range
********************************************************************************
Crowled! :) https://en.mehrnews.com/news/145549/Iran-s-recent-JCPOA-related-steps-no-threat-to-NPT
********************************************************************************
Crowled! :) https://www.dailywire.com/news/47504/iran-quadruples-its-uranium-enrichment-capacity-hank-berrien
********************************************************************************
NOT Crowled! https://www.israelhayom.com/opinions/iran-is-scrambling-for-answers/
list index out of range
********************************************************************************
NOT Crowled! https://www.asiatimes.com/2019/05/opinion/why-bolton-makes-even-trump-nervous/
list index out of range
********************************************************************************
Crowled! :) https://www.theguardian.com/commentisfree/2019/may/16/john-bolton-trump-iran-nuclear-deal-danger
********************************************************************************
Crowled! :) https://www.vanityfair.com/news/2019/05/john-bolton-replaying-his-iraq-war-playbook-with-iran
********************************************************************************
Crowled! :) https://www.militarytimes.com/news/your-army/2019/05/15/allies-hunker-down-in-iraq-drop-out-over-us-tensions-with-iran/
********************************************************************************
NOT Crowled! https://theglobepost.com/2019/05/15/trump-iran-policy/
list index out of range
********************************************************************************
NOT Crowled! https://www.dw.com/en/eu-backs-iran-nuclear-deal-as-pompeo-visits/a-48712464
list index out of range
********************************************************************************
NOT Crowled! https://www.bignewsnetwork.com/news/261023142/e3-fms-pompeo-to-hold-emergency-talks-on-iran-in-brussels
list index out of range
********************************************************************************
NOT Crowled! https://www.politico.eu/article/europe-can-still-save-the-iran-nuclear-deal-sibiu-summit/
list index out of range
********************************************************************************
Crowled! :) https://foreignpolicy.com/2019/05/13/iran-may-be-bluffing/
********************************************************************************
NOT Crowled! https://news.usni.org/2019/05/14/report-to-congress-on-irans-nuclear-program
('Connection aborted.', RemoteDisconnected('Remote end closed connection without response'))
********************************************************************************
Crowled! :) https://jcpa.org/article/irans-dilemma/
********************************************************************************
https://www.washingtonpost.com/world/middle_east/the-latest-fm-says-iran-is-committed-to-nuclear-deal/2019/05/15/9dd92868-778b-11e9-a7bf-c8a43b84ee31_Crowled! :) https://www.washingtonpost.com/world/middle_east/the-latest-fm-says-iran-is-committed-to-nuclear-deal/2019/05/15/9dd92868-778b-11e9-a7bf-c8a43b84ee31_story.html
********************************************************************************
NOT Crowled! https://www.politico.eu/article/europe-vows-to-uphold-iran-nuclear-deal-as-trump-raises-pressure/
list index out of range
********************************************************************************
NOT Crowled! https://www3.nhk.or.jp/nhkworld/en/news/20190516_20/
list index out of range
********************************************************************************
Crowled! :) https://www.seattletimes.com/nation-world/nation/irans-foreign-minister-says-us-sanctions-unacceptable/
********************************************************************************
NOT Crowled! https://www.al-monitor.com/pulse/originals/2019/05/iran-take-up-trump-offer-talk.html
list index out of range
********************************************************************************
Crowled! :) https://www.thedailybeast.com/trump-readies-a-new-war-on-irans-economy
********************************************************************************
Crowled! :) https://www.washingtonpost.com/world/2019/05/15/white-house-builds-path-war-with-iran/
********************************************************************************
NOT Crowled! https://www.arkansasonline.com/news/2019/may/17/lawmakers-say-fill-us-in-on-iran-201905/
list index out of range
********************************************************************************
NOT Crowled! https://thenewdaily.com.au/news/world/2019/05/17/donald-trump-iran-war/
list index out of range
********************************************************************************
NOT Crowled! https://www.dw.com/en/germanys-maas-warns-maximum-pressure-wont-help-with-iran/a-48753659
list index out of range
********************************************************************************
NOT Crowled! https://en.qantara.de/content/usa-and-iran-trump-agent-provocateur
list index out of range
********************************************************************************
NOT Crowled! http://fortune.com/2019/05/09/china-talks-iran-nuclear-boeing-safety-ceo-daily-for-may-9-2019/
list index out of range
********************************************************************************
Crowled! :) https://www.jpost.com/Israel-News/Netanyahu-rebuffs-letter-of-former-security-officials-warning-of-annexation-590300
********************************************************************************
Crowled! :) https://www.commondreams.org/views/2019/05/20/fear-mustache-why-bolton-makes-even-donald-trump-nervous
********************************************************************************
NOT Crowled! https://www.alternet.org/2019/05/john-bolton-even-makes-donald-trump-nervous-heres-why/
list index out of range
********************************************************************************
Crowled! :) https://www.haaretz.com/middle-east-news/.premium-rohani-vs-revolutionary-guards-inside-iran-s-turbulent-debate-on-war-with-america-1.7242942
********************************************************************************
Crowled! :) https://www.pakistantoday.com.pk/2019/05/11/trumps-gunboat-diplomacy/
********************************************************************************
Crowled! :) https://www.nbcnews.com/politics/national-security/iran-s-u-n-envoy-denies-threat-against-u-s-n1004046
********************************************************************************
Crowled! :) https://www.marketwatch.com/story/us-iran-war-wouldnt-be-a-cakewalk-it-would-be-hell-2019-05-10
********************************************************************************
NOT Crowled! https://www.fpri.org/article/2019/05/iran-seeks-to-cement-legitimacy-of-shia-militias/
list index out of range
********************************************************************************
NOT Crowled! http://riponpress.com/Content/Views/Editorials/Article/Editorial-Experts-give-Trump-mixed-grades/11/44/13835
list index out of range
********************************************************************************
Crowled! :) https://nationalinterest.org/blog/buzz/spain-wants-nothing-do-america%E2%80%99s-iran-strategy-57537
********************************************************************************
Crowled! :) https://www.almasdarnews.com/article/british-special-forces-join-us-strike-group-against-iran/
********************************************************************************
Crowled! :) https://nation.com.pk/20-May-2019/uk-special-forces-joining-us-strike-force-in-gulf-amid-iran-tension
********************************************************************************
NOT Crowled! https://www.reuters.com/article/us-usa-iran-spain/spain-pulls-frigate-from-us-gulf-mission-amid-iran-differences-idUSKCN1SK106
list index out of range
********************************************************************************
Crowled! :) https://www.washingtontimes.com/news/2019/may/14/spain-withdraws-frigate-us-mideast-mission-amid-so/
********************************************************************************
http://www.iforex.in/news/oil-surged-trumps-iran-rhetorics-and-nigerian-disruptions-while-undercutting-opec-suspense-and-lingering-us-china-NOT Crowled! http://www.iforex.in/news/oil-surged-trumps-iran-rhetorics-and-nigerian-disruptions-while-undercutting-opec-suspense-and-lingering-us-china-trade-war-uncertainty-64107
list index out of range
********************************************************************************
NOT Crowled! https://www.lowyinstitute.org/the-interpreter/looming-international-law-paradox-between-us-and-iran
list index out of range
********************************************************************************
NOT Crowled! https://www.politico.eu/article/republicans-trump-doesnt-want-war-with-iran/
list index out of range
********************************************************************************
NOT Crowled! https://www.newdelhitimes.com/us-needs-to-nurture-strategic-ties-with-india/
list index out of range
********************************************************************************
Crowled! :) https://www.japantimes.co.jp/opinion/2019/05/15/commentary/world-commentary/america-versus-iran-confrontation-hell/
********************************************************************************
Crowled! :) https://foreignpolicy.com/2019/05/15/the-hidden-sources-of-iranian-strength/
********************************************************************************
NOT Crowled! https://theweek.com/articles/841854/dangerous-myth-american-hegemony
list index out of range
********************************************************************************
Crowled! :) https://www.albawaba.com/news/emir-and-tsar-kuwait-turns-russia-trump-clashes-iran-1286787
********************************************************************************
NOT Crowled! https://sputniknews.com/asia/201905141074998947-india-oil-imports-from-iran/
list index out of range
********************************************************************************
NOT Crowled! http://tass.com/pressreview/1059022
list index out of range
********************************************************************************
Crowled! :) https://mainichi.jp/english/articles/20190518/p2g/00m/0na/004000c
********************************************************************************
Crowled! :) https://thehill.com/homenews/morning-report/444698-the-hills-morning-report
********************************************************************************
NOT Crowled! http://jamaica-gleaner.com/article/commentary/20190521/editorial-trumps-adventure-demands-return-foreign-policy-centre
list index out of range
********************************************************************************
Crowled! :) https://www.theatlantic.com/politics/archive/2019/03/us-attempts-kill-iran-nuclear-deal-could-save-it/585109/
********************************************************************************
NOT Crowled! https://www.newsweek.com/iran-remains-compliance-nuclear-deal-despite-trump-sanctions-un-1098049
list index out of range
********************************************************************************
NOT Crowled! https://www.rferl.org/a/iaea-iran-compliance-2015-nuclear-deal/29461841.html
list index out of range
********************************************************************************
Crowled! :) https://www.foxnews.com/politics/iran-nuclear-deal-what-is-it
********************************************************************************
Crowled! :) https://www.cnn.com/2015/04/02/world/iran-nuclear-talks/index.html
********************************************************************************
https://www.washingtonpost.com/news/post-politics/wp/2015/04/02/president-obamas-full-remarks-announcing-a-framework-for-a-nuclear-deal-withCrowled! :) https://www.washingtonpost.com/news/post-politics/wp/2015/04/02/president-obamas-full-remarks-announcing-a-framework-for-a-nuclear-deal-with-iran/
********************************************************************************
NOT Crowled! http://time.com/3770850/iran-deal-explainer/
list index out of range
********************************************************************************
NOT Crowled! https://www.bbc.com/news/world-middle-east-32166814
list index out of range
********************************************************************************
Crowled! :) https://www.nytimes.com/2015/04/04/world/middleeast/the-iran-nuclear-deal-what-you-need-to-know.html
********************************************************************************
Crowled! :) https://www.theguardian.com/world/2015/apr/02/iran-nuclear-deal-negotiators-announce-framework-agreement
********************************************************************************
NOT Crowled! https://www.reuters.com/article/us-iran-nuclear-france/us-pressure-could-work-only-if-iran-deal-survives-france-idUSKCN1M62WB
list index out of range
********************************************************************************
NOT Crowled! https://www.dw.com/en/eu-and-iran-create-special-vehicle-for-trade-despite-us-sanctions/a-45623867
list index out of range
********************************************************************************
Crowled! :) https://www.euractiv.com/section/global-europe/news/iran-major-powers-labor-to-keep-nuclear-deal-afloat/
********************************************************************************
https://www.firstpost.com/world/iran-nuclear-deal-after-us-withdrawal-other-p51-countries-agree-to-maintain-trade-with-tehran-despite-washinNOT Crowled! https://www.firstpost.com/world/iran-nuclear-deal-after-us-withdrawal-other-p51-countries-agree-to-maintain-trade-with-tehran-despite-washingtons-sanctions-5262841.html
list index out of range
********************************************************************************
NOT Crowled! https://www.bbc.com/news/world-middle-east-33521655
list index out of range
********************************************************************************
Crowled! :) https://www.washingtonpost.com/news/worldviews/wp/2015/07/14/the-historic-nuclear-deal-with-iran-how-it-works/
********************************************************************************
Crowled! :) https://www.npr.org/sections/thetwo-way/2015/07/14/422920192/6-things-you-should-know-about-the-iran-nuclear-deal
********************************************************************************
NOT Crowled! https://www.vox.com/2015/7/17/8989147/iran-nuclear-deal-myths
list index out of range
********************************************************************************
Crowled! :) https://www.theatlantic.com/international/archive/2015/07/iran-nuclear-deal-consequences-obama/398780/
********************************************************************************
Crowled! :) https://www.theguardian.com/world/2015/jul/14/iran-nuclear-programme-world-powers-historic-deal-lift-sanctions
********************************************************************************
Crowled! :) https://www.nytimes.com/2018/05/08/world/middleeast/trump-iran-nuclear-deal.html
********************************************************************************
NOT Crowled! https://www.newsweek.com/europe-iran-deal-donald-trump-nuclear-sanctions-1313970
list index out of range
********************************************************************************
NOT Crowled! https://www.bbc.co.uk/news/world-middle-east-44365078
list index out of range
********************************************************************************
NOT Crowled! https://en.radiofarda.com/a/iran-khamenei-order-enrichment-uranium/29270978.html
list index out of range
********************************************************************************
Crowled! :) https://www.theguardian.com/politics/2018/jun/06/theresa-may-israel-iran-nuclear-deal-benjamin-netanyahu
********************************************************************************
NOT Crowled! https://www.aljazeera.com/news/2018/06/eu-takes-step-protect-iran-nuclear-deal-180606135159424.html
list index out of range
********************************************************************************
NOT Crowled! https://www.reuters.com/article/us-iran-nuclear/iran-stands-ground-on-nuclear-inspections-as-france-warns-of-red-line-idUSKCN1J21MX
list index out of range
********************************************************************************
Crowled! :) https://www.cnn.com/2018/06/05/middleeast/iran-khamenei-europe-uranium-intl/index.html
********************************************************************************
Crowled! :) https://www.nbcnews.com/storyline/smart-facts/what-iran-nuclear-deal-n868346
********************************************************************************
Crowled! :) https://www.theguardian.com/commentisfree/2018/apr/27/iran-nuclear-deal-survive-trump-wrecking-crew
********************************************************************************
Crowled! :) https://www.thedailybeast.com/as-donald-trump-eyes-iran-nuclear-deal-north-korea-is-watching
********************************************************************************
NOT Crowled! https://www.bbc.com/news/world-us-canada-43887061
list index out of range
********************************************************************************
Crowled! :) https://money.cnn.com/2018/04/26/investing/iran-nuclear-deal-trump-macron/index.html
********************************************************************************
NOT Crowled! https://www.bbc.co.uk/news/world-middle-east-43858040
list index out of range
********************************************************************************
NOT Crowled! https://www.vox.com/world/2018/5/8/17328520/iran-nuclear-deal-trump-withdraw
list index out of range
********************************************************************************
NOT Crowled! https://www.forbes.com/sites/annalisagirardi/2019/04/09/instex-a-new-channel-to-bypass-u-s-sanctions-and-trade-with-iran/
list index out of range
********************************************************************************
NOT Crowled! https://news.usni.org/2019/04/04/report-congress-status-irans-nuclear-program
('Connection aborted.', RemoteDisconnected('Remote end closed connection without response'))
********************************************************************************
https://www.reuters.com/article/us-iran-nuclear-inspection-exclusive/exclusive-un-nuclear-watchdog-inspects-iran-warehouse-netanyahu-pointedNOT Crowled! https://www.reuters.com/article/us-iran-nuclear-inspection-exclusive/exclusive-un-nuclear-watchdog-inspects-iran-warehouse-netanyahu-pointed-to-sources-idUSKCN1RG2B9
list index out of range
********************************************************************************
Crowled! :) https://www.chicagotribune.com/nation-world/ct-fact-check-trump-iran-deal-20180508-story.html
********************************************************************************
Crowled! :) https://www.washingtonpost.com/news/theworldpost/wp/2019/02/01/inf/
********************************************************************************
Crowled! :) https://www.usatoday.com/story/news/world/2019/02/01/trump-administration-withdraws-u-s-russia-nuclear-weapons-treaty/2737306002/
********************************************************************************
NOT Crowled! https://www.bloomberg.com/news/articles/2019-02-01/trump-says-u-s-is-withdrawing-from-nuclear-treaty-with-russia
list index out of range
********************************************************************************
Crowled! :) https://www.investopedia.com/articles/investing/072715/dummies-guide-iran-nuclear-deal.asp
********************************************************************************
Crowled! :) https://www.cnn.com/2018/05/09/middleeast/iran-deal-what-you-need-to-know-intl/index.html
********************************************************************************
Crowled! :) https://www.thenation.com/article/the-dangers-of-withdrawing-from-the-iran-nuke-agreement-a-qa-with-richard-falk/
********************************************************************************
Crowled! :) https://www.nbcnews.com/politics/white-house/key-european-allies-vow-uphold-iran-nuclear-deal-after-trump-n872441
********************************************************************************
NOT Crowled! https://news.stanford.edu/2017/10/12/upholding-iran-nuclear-deal-wiser-course-u-s-national-interests-stanford-experts-say/
list index out of range
********************************************************************************
NOT Crowled! https://www.usnews.com/opinion/world-report/articles/2017-10-13/donald-trump-was-right-to-decertify-the-bad-iran-nuclear-deal
list index out of range
********************************************************************************
Crowled! :) https://www.theatlantic.com/international/archive/2017/10/iran-northk-korea-nuclear/542673/
********************************************************************************
Crowled! :) https://www.cnn.com/2017/10/14/world/iran-trump-world-reaction/index.html
********************************************************************************
https://www.washingtonpost.com/world/middle_east/iran-blasts-trumps-moves-against-nuclear-deal-revolutionary-guard/2017/10/13/f5d6c5de-aeba-Crowled! :) https://www.washingtonpost.com/world/middle_east/iran-blasts-trumps-moves-against-nuclear-deal-revolutionary-guard/2017/10/13/f5d6c5de-aeba-11e7-9b93-b97043e57a22_story.html
********************************************************************************
NOT Crowled! https://thefederalist.com/2017/10/17/dont-actually-know-whether-iran-complying-nuclear-deal/
list index out of range
********************************************************************************
Crowled! :) https://qz.com/1558132/trumps-risky-nuclear-double-standard-on-north-korea-and-iran/
********************************************************************************
NOT Crowled! https://www.newsweek.com/trump-meet-iran-return-deal-1355361
list index out of range
********************************************************************************
Crowled! :) https://www.theguardian.com/world/2018/may/25/iran-lists-demands-nuclear-deal-eu-us-sanctions
********************************************************************************
Crowled! :) https://fas.org/blogs/secrecy/2018/05/iran-deal-crs/
********************************************************************************
NOT Crowled! https://www.politico.eu/article/mike-pence-iran-nuclear-deal-demands-eu-powers-abandon/
list index out of range
********************************************************************************
https://www.washingtonpost.com/politics/trump-will-announce-plans-to-pull-out-of-iran-nuclear-deal-despite-pleas-from-european-leaders/2018/Crowled! :) https://www.washingtonpost.com/politics/trump-will-announce-plans-to-pull-out-of-iran-nuclear-deal-despite-pleas-from-european-leaders/2018/05/08/4c148252-52ca-11e8-9c91-7dab596e8252_story.html
********************************************************************************
NOT Crowled! https://www.politico.eu/article/donald-trump-iran-nuclear-deal-seeks-to-split-eu-as-fight-intensifies/
list index out of range
********************************************************************************
NOT Crowled! https://www.dw.com/en/instex-europe-sets-up-transactions-channel-with-iran/a-47303580
list index out of range
********************************************************************************
NOT Crowled! https://www.politico.eu/article/trump-iran-europe-sanction-powers-set-up-firm-to-thwart/
list index out of range
********************************************************************************
Crowled! :) https://www.foreignaffairs.com/articles/iran/2018-05-16/how-iran-will-determine-nuclear-deals-fate
********************************************************************************
NOT Crowled! https://www.newsweek.com/us-iran-deal-exit-brings-russia-china-closer-europe-meet-behind-trumps-back-1011890
list index out of range
********************************************************************************
Crowled! :) https://www.foreignaffairs.com/articles/2018-08-13/how-we-got-iran-deal
********************************************************************************
Crowled! :) https://www.euronews.com/2018/11/28/iran-ready-to-discuss-human-rights-if-eu-fixes-nuclear-accord
********************************************************************************
Crowled! :) https://thehill.com/policy/international/395495-iranian-president-travels-to-austria-in-effort-to-salvage-iran-deal
********************************************************************************
NOT Crowled! https://cointelegraph.com/news/abb-launches-blockchain-pilot-for-solar-energy-sector
list index out of range
********************************************************************************
NOT Crowled! https://www.reuters.com/article/us-israel-iran-germany/merkel-we-should-broaden-negotiating-framework-for-iran-nuclear-deal-idUSKBN1I321K
list index out of range
********************************************************************************
NOT Crowled! https://www.rferl.org/a/un-security-council-members-reject-trump-s-calls-for-sanctions-on-iran/29511441.html
list index out of range
********************************************************************************
NOT Crowled! https://www.newsweek.com/iran-fires-back-trump-un-speech-xenophobic-tendencies-resembling-nazi-1138732
list index out of range
********************************************************************************
Crowled! :) https://www.newsday.com/news/nation/united-nations-iran-trump-1.21258793
********************************************************************************
Crowled! :) https://www.coindesk.com/sec-uncertainty-looms-over-token-summit-again
********************************************************************************
Crowled! :) https://observer.com/2019/02/john-bolton-iran-deal-termination-executive-order/
********************************************************************************
NOT Crowled! https://www.lawfareblog.com/what-make-icjs-provisional-measures-iran-v-us-nuclear-sanctions-case
list index out of range
********************************************************************************
NOT Crowled! http://jewishjournal.com/news/nation/239796/u-s-rescinds-parts-two-treaties-avoid-u-n-court-actions/
list index out of range
********************************************************************************
NOT Crowled! https://www.reuters.com/article/us-iran-nuclear/europeans-work-to-save-iran-deal-and-business-after-trump-pulls-out-idUSKBN1I90D6
list index out of range
********************************************************************************
https://www.reuters.com/article/us-behravesh-iran-commentary/commentary-as-u-s-sanctions-loom-can-iran-nuclear-deal-still-be-saved-idUSKBN1KNOT Crowled! https://www.reuters.com/article/us-behravesh-iran-commentary/commentary-as-u-s-sanctions-loom-can-iran-nuclear-deal-still-be-saved-idUSKBN1KD2C5
list index out of range
********************************************************************************
Crowled! :) https://www.themoscowtimes.com/2018/05/08/why-russia-wants-the-iran-deal-op-ed-a61386
********************************************************************************
Crowled! :) https://lobelog.com/europe-is-determined-to-save-the-iran-deal/
********************************************************************************
Crowled! :) https://www.cnn.com/2019/01/30/politics/trump-intel-chiefs-foreign-policy-iran-isis-north-korea/index.html
********************************************************************************
https://www.i24news.tv/en/news/international/middle-east/183848-180910-iran-nuclear-chief-announces-nuclear-facility-for-advanced-centrifugeNOT Crowled! https://www.i24news.tv/en/news/international/middle-east/183848-180910-iran-nuclear-chief-announces-nuclear-facility-for-advanced-centrifuges-completed
list index out of range
********************************************************************************
Crowled! :) https://www.defenseone.com/ideas/2019/01/boltons-big-iran-con/154109/
********************************************************************************
Crowled! :) https://www.cfr.org/backgrounder/impact-iran-nuclear-agreement
********************************************************************************
NOT Crowled! https://apps.washingtonpost.com/g/documents/world/full-text-of-the-iran-nuclear-deal/1651/
list index out of range
********************************************************************************
Crowled! :) https://www.coindesk.com/digital-renminbi-a-fiat-coin-to-make-m0-great-again
********************************************************************************
Crowled! :) https://www.wsj.com/articles/trump-to-withdraw-u-s-from-iran-accord-1525800212
********************************************************************************
Crowled! :) https://qz.com/1272889/trumps-decision-on-the-iran-deal-obama-explains-why-its-a-bad-idea/
********************************************************************************
Crowled! :) https://www.theatlantic.com/international/archive/2018/10/trump-withdraw-inf-treaty-why/573715/
********************************************************************************
Crowled! :) https://www.bourseandbazaar.com/articles/2018/7/16/three-years-later-europes-last-push-on-the-iran-nuclear-deal
********************************************************************************
NOT Crowled! https://www.atlanticcouncil.org/blogs/new-atlanticist/trump-s-iran-sanctions-are-back-will-they-work
list index out of range
********************************************************************************
Crowled! :) https://www.latimes.com/world/middleeast/la-fg-israel-iran-deal-20171009-story.html
********************************************************************************
Crowled! :) https://www.theroot.com/why-scrapping-the-iran-deal-is-a-dumb-move-explained-1819225059
********************************************************************************
Crowled! :) https://www.heritage.org/middle-east/report/us-iran-policy-after-the-demise-the-nuclear-deal
********************************************************************************
Crowled! :) https://foreignpolicy.com/2019/03/28/trumps-iran-policy-is-untethered-to-history/
********************************************************************************
Crowled! :) https://lobelog.com/europes-last-push-on-the-iran-nuclear-deal/
********************************************************************************
NOT Crowled! https://www.washingtonexaminer.com/opinion/what-happens-when-the-us-withdraws-from-the-iran-nuclear-deal
list index out of range
********************************************************************************
Crowled! :) https://qz.com/1272832/trump-quits-iran-deal-us-sanctions-are-a-heavy-blow-for-europe/
********************************************************************************
Crowled! :) https://www.ecfr.eu/article/commentary_trumps_iran_sanctions_an_explainer_on_their_impact_for_europe
********************************************************************************
Crowled! :) https://www.coindesk.com/irans-crypto-regulations-whats-happening-behind-closed-doors
********************************************************************************
NOT Crowled! https://www.ft.com/content/fb369232-52d1-11e8-b3ee-41e0209208ec
list index out of range
********************************************************************************
NOT Crowled! https://thebulletin.org/2017/11/the-future-of-the-iran-nuclear-deal/
list index out of range
********************************************************************************
Crowled! :) https://www.politifact.com/truth-o-meter/statements/2017/oct/19/nikki-haley/haley-wrongly-says-congress-had-no-input-iran-nucl/
********************************************************************************
NOT Crowled! https://www.politico.eu/article/rebuking-donald-trump-major-powers-eu-britain-china-russia-germany-reaffirm-iran-nuclear-deal/
list index out of range
********************************************************************************
Crowled! :) https://qz.com/1543693/donald-trump-plans-a-nuclear-arms-race-in-his-sotu-speech/
********************************************************************************
Crowled! :) http://www.german-times.com/are-the-us-israel-and-saudi-arabia-preparing-for-regime-change-in-iran/
********************************************************************************
NOT Crowled! https://www.politico.eu/article/mohammad-javad-zarif-iran-to-eu-give-us-more-to-preserve-nuclear-deal/
list index out of range
********************************************************************************
Crowled! :) https://www.wired.com/story/iran-nuclear-deal-cyberattacks/
********************************************************************************
Crowled! :) https://qz.com/1334536/donald-trump-already-told-us-why-hes-shouting-at-iran/
********************************************************************************
Crowled! :) https://www.nytimes.com/interactive/2015/03/31/world/middleeast/simple-guide-nuclear-talks-iran-us.html
********************************************************************************
Crowled! :) https://www.euronews.com/2018/05/07/where-do-countries-stand-on-the-iran-nuclear-deal-
********************************************************************************
Crowled! :) https://www.nytimes.com/2018/05/07/us/politics/trump-kerry-iran-nuclear-deal-illegal.html
********************************************************************************
Crowled! :) https://www.euronews.com/2018/06/05/europe-faces-a-choice-over-iran-uphold-its-values-or-surrender-its-credibility-view
********************************************************************************
NOT Crowled! https://www.thejournal.ie/donald-trump-iran-4142759-Jul2018/
list index out of range
********************************************************************************
NOT Crowled! https://thearabweekly.com/us-sanctions-loom-iran-nuclear-deal-faces-three-possible-fates
list index out of range
********************************************************************************
Crowled! :) https://www.washingtonpost.com/blogs/right-turn/wp/2018/05/09/the-skepticism-is-widespread-over-leaving-the-iran-deal/
********************************************************************************
NOT Crowled! https://www.politico.eu/article/eu-iran-fight-diplomacy-nuclear-deal/
list index out of range
********************************************************************************
Crowled! :) https://www.thedailybeast.com/congress-we-cant-stop-trump-from-killing-the-iran-deal
********************************************************************************
Crowled! :) https://www.cnn.com/2018/03/21/politics/us-iran-deal-trump-europe/index.html
********************************************************************************
Crowled! :) https://www.ecfr.eu/article/commentary_europe_should_strike_a_tough_pose_with_trump_on_iran_nuclear
********************************************************************************
Crowled! :) https://foreignpolicy.com/2018/05/15/leaving-the-iran-nuclear-deal-will-have-unintended-consequences/
********************************************************************************
Crowled! :) https://www.history.com/news/north-korea-nuclear-deal-bill-clinton-agreed-framework
********************************************************************************
Crowled! :) https://www.nytimes.com/2018/05/08/us/politics/trump-iran-nuclear-deal-news-analysis-.html
********************************************************************************
Crowled! :) https://www.politico.com/story/2018/06/07/trump-obama-iran-waiver-630379
********************************************************************************
NOT Crowled! https://www.spiegel.de/international/world/iran-foreign-minister-nuclear-deal-hardly-a-love-affair-a-1228474.html
list index out of range
********************************************************************************
Crowled! :) https://www.nbcnews.com/news/world/trump-scraps-iran-nuclear-deal-now-what-n872296
********************************************************************************
NOT Crowled! https://thenewsrep.com/112796/what-nuclear-deal-iran-develops-new-uranium-enrichment-process/
list index out of range
********************************************************************************
Crowled! :) https://www.brookings.edu/blog/order-from-chaos/2018/05/02/as-trump-mulls-the-iran-deals-fate-a-three-ring-circus-ensues/
********************************************************************************
Crowled! :) https://www.cnn.com/2018/05/08/politics/poll-iran-agreement/index.html
********************************************************************************
Crowled! :) https://www.foreignaffairs.com/articles/iran/2019-02-04/europe-tests-boundaries-iran
********************************************************************************
Crowled! :) https://nationalinterest.org/feature/the-path-broke-nuclear-agreements-25891
********************************************************************************
https://www.brookings.edu/blog/order-from-chaos/2018/05/17/in-exiting-the-iran-deal-trump-left-u-n-sanctions-relief-intact-why-that-could-poCrowled! :) https://www.brookings.edu/blog/order-from-chaos/2018/05/17/in-exiting-the-iran-deal-trump-left-u-n-sanctions-relief-intact-why-that-could-pose-problems-down-the-road/
********************************************************************************
NOT Crowled! https://www.reuters.com/article/us-iran-nuclear-usa/in-speech-pompeo-to-call-for-broad-support-against-iran-idUSKCN1IJ217
list index out of range
********************************************************************************
Crowled! :) https://www.foreignpolicyjournal.com/2018/05/17/us-quest-for-iran-regime-change-will-eu-sustain-the-nuclear-deal/
********************************************************************************
NOT Crowled! https://www.independent.co.uk/news/world/americas/us-politics/us-sanctions-uk-europe-iran-business-trade-trump-john-bolton-a8349611.html
list index out of range
********************************************************************************
https://www.washingtonpost.com/world/middle_east/mideast-allies-pressed-trump-to-ditch-the-iran-deal-are-they-ready-for-whats-next/2018/05/0Crowled! :) https://www.washingtonpost.com/world/middle_east/mideast-allies-pressed-trump-to-ditch-the-iran-deal-are-they-ready-for-whats-next/2018/05/08/ffeaca18-5241-11e8-a6d4-ca1d035642ce_story.html
********************************************************************************
NOT Crowled! https://www.politico.eu/article/federica-mogherini-europe-vows-to-fight-for-iran-deal-as-us-donald-trump-renews-sanctions/
list index out of range
********************************************************************************
Crowled! :) https://www.theguardian.com/world/2018/mar/18/trump-iran-nuclear-deal-bob-corker
********************************************************************************
NOT Crowled! https://www.aljazeera.com/news/2018/05/world-leaders-react-withdrawal-iranian-nuclear-deal-180508184130931.html
list index out of range
********************************************************************************
Crowled! :) https://www.timesofisrael.com/in-recording-netanyahu-boasts-israel-convinced-trump-to-quit-iran-nuclear-deal/
********************************************************************************
Crowled! :) https://www.economist.com/the-economist-explains/2015/04/05/everything-you-want-to-know-about-the-iranian-nuclear-deal
********************************************************************************
Crowled! :) https://www.wsj.com/articles/the-iran-deal-and-its-consequences-1428447582
********************************************************************************
NOT Crowled! https://www.usnews.com/news/articles/2015/04/06/obama-kerry-netanyahu-who-gets-what-out-of-the-iran-nuclear-deal
list index out of range
********************************************************************************
Crowled! :) https://www.theatlantic.com/international/archive/2015/04/alternatives-obama-iran-nuclear-deal-israel/389751/
********************************************************************************
Crowled! :) https://www.nytimes.com/2015/04/06/world/middleeast/obama-strongly-defends-iran-nuclear-deal.html
********************************************************************************
NOT Crowled! https://thebulletin.org/2018/05/say-goodbye-to-the-iran-deal-and-hello-to-a-polynuclear-middle-east/
list index out of range
********************************************************************************
Crowled! :) https://thehill.com/opinion/national-security/356005-in-iran-nuclear-deal-debate-tehran-knows-congress-is-on-its-side
********************************************************************************
Crowled! :) https://www.npr.org/2019/02/07/691997301/rep-alexandria-ocasio-cortez-releases-green-new-deal-outline
********************************************************************************
Crowled! :) https://news.usni.org/2018/05/30/diplomats-eu-wrestling-iran-deal-american-exit
********************************************************************************
Crowled! :) https://www.thedailybeast.com/the-art-of-the-deal-obamas-with-iran-was-much-better-than-trumps-with-north-korea
********************************************************************************
Crowled! :) https://www.usatoday.com/story/news/politics/2018/05/08/iran-nuclear-deal-what-does-trumps-move-mean-north-korea-talks/586711002/
********************************************************************************
NOT Crowled! https://www.france24.com/en/20180509-iran-nuclear-eu-us-sanctions-european-firms
list index out of range
********************************************************************************
NOT Crowled! https://www.ft.com/content/e75b91b2-e1cf-11e8-a6e5-792428919cee
list index out of range
********************************************************************************
Crowled! :) https://forward.com/opinion/world/400720/whos-most-endangered-by-trumps-iran-deal-exit-israel-say-its-army-chiefs/
********************************************************************************
NOT Crowled! https://www.trtworld.com/americas/timeline-of-events-iran-nuclear-deal-2009-onwards-17299
list index out of range
********************************************************************************
Crowled! :) https://www.nytimes.com/2015/04/03/world/middleeast/iran-nuclear-talks.html
********************************************************************************
NOT Crowled! https://www.bloomberg.com/news/articles/2018-06-04/iran-can-do-more-after-record-nuclear-inspections-iaea-says
list index out of range
********************************************************************************
Crowled! :) https://www.nytimes.com/2018/05/11/world/middleeast/iran-nuclear-deal.html
********************************************************************************
NOT Crowled! https://www.newsweek.com/saudi-arabia-wants-be-nuclear-power-israel-has-demands-report-says-1014574
list index out of range
********************************************************************************
Crowled! :) https://www.timesofisrael.com/us-trying-to-move-forward-after-quitting-iran-nuclear-deal/
********************************************************************************
https://www.washingtonpost.com/politics/nuclear-deal-trump-seeks-with-north-korea-could-mirror-iran-deal-he-hates/2018/05/18/e6766ab8-5955-1Crowled! :) https://www.washingtonpost.com/politics/nuclear-deal-trump-seeks-with-north-korea-could-mirror-iran-deal-he-hates/2018/05/18/e6766ab8-5955-11e8-b656-a5f8c2a9295d_story.html
********************************************************************************
Crowled! :) https://www.cnn.com/2018/05/20/politics/pompeo-iran-speech-scenesetter/index.html
********************************************************************************
NOT Crowled! https://theweek.com/articles/771471/dishonest-case-against-iran-deal
list index out of range
********************************************************************************
NOT Crowled! https://www.independent.co.uk/voices/iran-nuclear-deal-donald-trump-jcpoa-a8338716.html
list index out of range
********************************************************************************
Crowled! :) https://www.businessinsider.com/john-bolton-meeting-israel-about-iran-2018-5
********************************************************************************
NOT Crowled! https://statehornet.com/2019/02/former-iranian-ambassador-speaks-at-sac-state/
list index out of range
********************************************************************************
NOT Crowled! https://en.radiofarda.com/a/rouhani-threatens-the-u-s-with-new-centrefuges/29872701.html
list index out of range
********************************************************************************
https://www.diplomatie.gouv.fr/en/french-foreign-policy/disarmament-and-non-proliferation/events/article/jcpoa-joint-statement-by-france-theCrowled! :) https://www.diplomatie.gouv.fr/en/french-foreign-policy/disarmament-and-non-proliferation/events/article/jcpoa-joint-statement-by-france-the-united-kingdom-and-germany-08-05-18
********************************************************************************
NOT Crowled! https://www.newsweek.com/did-trump-break-law-us-leaves-iran-deal-violates-world-order-risks-war-916173
list index out of range
********************************************************************************
Crowled! :) https://www.ecfr.eu/article/commentary_warsaw_iran_summit_what_lies_beneath
********************************************************************************
NOT Crowled! https://www.turnto23.com/newsy/what-happens-now-that-trump-left-the-iran-nuclear-deal
list index out of range
********************************************************************************
Crowled! :) https://www.theonion.com/netanyahu-provides-stunning-new-evidence-that-iranians-1825694150
********************************************************************************
https://www.washingtonpost.com/world/europe/europeans-scramble-to-save-iran-nuclear-deal-but-face-new-concerns-over-us-sanctions/2018/05/09/Crowled! :) https://www.washingtonpost.com/world/europe/europeans-scramble-to-save-iran-nuclear-deal-but-face-new-concerns-over-us-sanctions/2018/05/09/39937066-536f-11e8-abd8-265bd07a9859_story.html
********************************************************************************
NOT Crowled! https://www.forbes.com/sites/stratfor/2017/12/07/where-the-north-korean-crisis-meets-the-iran-nuclear-deal/
list index out of range
********************************************************************************
Crowled! :) https://www.theatlantic.com/international/archive/2015/04/the-real-achievement-of-the-iran-nuclear-deal/389628/
********************************************************************************
NOT Crowled! https://www.atlanticcouncil.org/blogs/new-atlanticist/where-does-the-p5-1-stand-on-the-iran-nuclear-deal
list index out of range
********************************************************************************
Crowled! :) https://www.npr.org/2018/06/02/616392666/lessons-of-a-collapsed-north-korean-nuclear-deal
********************************************************************************
Crowled! :) https://nypost.com/2018/06/02/experts-doubt-north-korea-really-destroyed-nuclear-test-site/
********************************************************************************
Crowled! :) https://www.thedrive.com/the-war-zone/20717/heres-what-you-need-to-know-about-what-trump-just-did-to-the-iran-nuclear-deal
********************************************************************************
NOT Crowled! https://news.un.org/en/story/2019/03/1034041
list index out of range
********************************************************************************
NOT Crowled! https://www.thehindu.com/opinion/editorial/defend-the-deal/article24098223.ece
list index out of range
********************************************************************************
NOT Crowled! http://www.sacbee.com/news/nation-world/article212725349.html
('Connection aborted.', RemoteDisconnected('Remote end closed connection without response'))
********************************************************************************
NOT Crowled! https://www.rferl.org/a/iran-s-options-after-u-s-pulls-out-of-nuclear-deal/29217632.html
list index out of range
********************************************************************************
Crowled! :) http://theconversation.com/trumps-withdrawal-from-iran-deal-could-fracture-alliances-and-jeopardise-north-korea-negotiations-95652
********************************************************************************
https://www.washingtonpost.com/world/trump-administration-gives-russia-60-days-to-comply-with-inf-treaty-or-the-us-will-move-to-withdraw/201Crowled! :) https://www.washingtonpost.com/world/trump-administration-gives-russia-60-days-to-comply-with-inf-treaty-or-the-us-will-move-to-withdraw/2018/12/04/64c5bec2-f74a-11e8-8642-c9718a256cbd_story.html
********************************************************************************
NOT Crowled! https://www.reuters.com/article/us-iran-nuclear-iraq/iraq-sending-team-to-u-s-to-seek-deal-on-transactions-with-iran-idUSKCN1LD1ZL
list index out of range
********************************************************************************
Crowled! :) https://www.jta.org/2017/04/24/united-states/what-the-north-korea-crisis-tells-us-about-the-iran-nuclear-deal
********************************************************************************
NOT Crowled! https://www.ft.com/content/15469eb6-4bbf-11e8-97e4-13afc22d86d4
list index out of range
********************************************************************************
Crowled! :) https://www.theatlantic.com/international/archive/2018/05/iran-nuclear-deal/559721/
********************************************************************************
Crowled! :) https://www.thequint.com/news/webqoof/iran-india-oil-for-rice-deal-not-unique
********************************************************************************
NOT Crowled! https://www.ft.com/content/f87a29b2-6fe8-11e8-92d3-6c13e5c92914
list index out of range
********************************************************************************
Crowled! :) https://www.washingtonpost.com/news/fact-checker/wp/2018/06/13/fact-checking-president-trumps-claims-about-the-north-korea-deal/
********************************************************************************
Crowled! :) https://www.bourseandbazaar.com/articles/2018/7/23/brexit-britain-cant-rely-on-eu-efforts-save-iran-nuclear-deal
********************************************************************************
Crowled! :) https://www.ecfr.eu/article/commentary_europes_balancing_act_on_the_nuclear_deal_trump_iran
********************************************************************************
https://www.independent.co.uk/news/world/middle-east/israel-benjamin-netanyahu-iran-secret-nuclear-files-deal-deadline-trump-project-amad-laNOT Crowled! https://www.independent.co.uk/news/world/middle-east/israel-benjamin-netanyahu-iran-secret-nuclear-files-deal-deadline-trump-project-amad-latest-a8329961.html
list index out of range
********************************************************************************
Crowled! :) https://www.haaretz.com/israel-news/iran-israel-and-trump-5-scenarios-ahead-of-the-iran-nuclear-deal-1.6067089
********************************************************************************
Crowled! :) https://www.foreignpolicyjournal.com/2015/07/23/oman-the-unsung-hero-of-the-iranian-nuclear-deal/
********************************************************************************
NOT Crowled! https://www.independent.co.uk/news/world/iran-nuclear-deal-latest-trump-macron-us-theresa-may-merkel-europe-response-a8342126.html
list index out of range
********************************************************************************
Crowled! :) https://www.timesofisrael.com/iran-lied-netanyahu-drops-a-mossad-bombshell-on-the-iranian-nuclear-deal/
********************************************************************************
https://www.news.com.au/world/north-america/trump-administration-reimposes-iran-sanctions-lifted-under-obama-nuclear-deal/news-story/5d554e8Crowled! :) https://www.news.com.au/world/north-america/trump-administration-reimposes-iran-sanctions-lifted-under-obama-nuclear-deal/news-story/5d554e8abf6b86d1a0db93c38ad85ebe
********************************************************************************
NOT Crowled! http://time.com/5270395/president-donald-trump-iran-decision-backfire/
list index out of range
********************************************************************************
Crowled! :) https://foreignpolicy.com/2019/02/21/trump-accidentally-just-triggered-global-nuclear-proliferation/
********************************************************************************
NOT Crowled! https://www.bloomberg.com/opinion/articles/2018-04-30/macron-s-new-iran-deal-deserves-a-chance
list index out of range
********************************************************************************
NOT Crowled! https://www.lawfareblog.com/treaties-and-irrelevance-understanding-irans-suit-against-us-reimposing-nuclear-sanctions
list index out of range
********************************************************************************
NOT Crowled! https://www.al-monitor.com/pulse/originals/2018/12/iran-missiles-security-council-2231-wmd-free-zone-pompeo.html
list index out of range
********************************************************************************
NOT Crowled! https://www.vox.com/2015/7/15/8967147/iran-nuclear-deal-jeffrey-lewis
list index out of range
********************************************************************************
NOT Crowled! https://www.bloomberg.com/opinion/articles/2018-05-10/europe-won-t-rally-around-u-s-sanctions-against-iran
list index out of range
********************************************************************************
https://www.washingtonpost.com/lifestyle/style/obama-official-says-he-pushed-a-narrative-to-media-to-sell-the-iran-nuclear-deal/2016/05/06/5Crowled! :) https://www.washingtonpost.com/lifestyle/style/obama-official-says-he-pushed-a-narrative-to-media-to-sell-the-iran-nuclear-deal/2016/05/06/5b90d984-13a1-11e6-8967-7ac733c56f12_story.html
********************************************************************************
NOT Crowled! https://www.thehindu.com/news/international/iran-nuclear-deal-reactions/article23816893.ece
list index out of range
********************************************************************************
Crowled! :) https://www.baltimoresun.com/news/opinion/oped/bs-ed-op-0212-iran-cardin-20180208-story.html
********************************************************************************
Crowled! :) https://www.ecfr.eu/article/commentary_iran_the_case_for_protecting_humanitarian_trade
********************************************************************************
NOT Crowled! https://www.independent.co.uk/news/world/middle-east/iran-nuclear-deal-what-happens-us-pull-out-trump-israel-netanyahu-a8335176.html
list index out of range
********************************************************************************
NOT Crowled! https://www.usnews.com/opinion/articles/2015/04/27/10-ways-obamas-iran-nuclear-agreement-fails
list index out of range
********************************************************************************
Crowled! :) https://www.timesofisrael.com/us-aircraft-carrier-enters-persian-gulf-after-longest-post-9-11-absence/
********************************************************************************
NOT Crowled! https://www.politico.eu/article/donald-trump-move-against-iran-nuclear-deal-would-isolate-us-sanctions/
list index out of range
********************************************************************************
NOT Crowled! https://www.aljazeera.com/indepth/features/2015/04/analysis-iran-nuclear-deal-150403002032133.html
list index out of range
********************************************************************************
Crowled! :) https://www.euractiv.com/section/global-europe/news/trump-slaps-europe-in-the-face-with-iran-deal-pull-out/
********************************************************************************
Crowled! :) https://www.politico.com/story/2018/05/07/iran-president-nuclear-deal-trump-571567
********************************************************************************
NOT Crowled! https://www.dailysabah.com/economy/2018/07/20/turkey-to-coordinate-with-european-allies-on-iran-sanctions
list index out of range
********************************************************************************
Crowled! :) https://www.cnn.com/2017/10/05/politics/trump-iran-deal-deadline-plan/index.html
********************************************************************************
Crowled! :) https://foreignpolicy.com/2017/10/06/heres-what-happens-if-trump-really-decides-to-decertify-the-iran-deal/
********************************************************************************
Crowled! :) https://www.nytimes.com/2017/09/13/opinion/trump-bad-iran-deal.html
********************************************************************************
NOT Crowled! https://www.alaraby.co.uk/english/comment/2019/2/15/normalising-israel-in-warsaw
list index out of range
********************************************************************************
Crowled! :) https://www.nytimes.com/2015/04/10/world/middleeast/iran-khamenei-rouhani-nuclear-agreement.html
********************************************************************************
https://www.usatoday.com/story/opinion/2019/04/18/mueller-report-collusion-trump-russian-election-interference-democrats-takeaways-column/35Crowled! :) https://www.usatoday.com/story/opinion/2019/04/18/mueller-report-collusion-trump-russian-election-interference-democrats-takeaways-column/3505946002/
********************************************************************************
Crowled! :) https://www.nationalreview.com/2017/10/iran-nuclear-deal-trump-should-decertify-negotiate-new-deal/
********************************************************************************
NOT Crowled! https://www.dw.com/en/french-president-emmanuel-macron-for-broader-iran-deal/a-43716203
list index out of range
********************************************************************************
Crowled! :) https://www.businessinsider.com/chinas-role-in-iran-nuclear-deal-2015-8
********************************************************************************
Crowled! :) https://www.nationalreview.com/2017/08/iran-nuclear-deal-exit-strategy-john-bolton-memo-trump/
********************************************************************************
Crowled! :) https://www.washingtonpost.com/news/global-opinions/wp/2018/05/12/trumps-decision-to-blow-up-the-iran-deal-is-a-massive-attack-on-europe/
********************************************************************************
NOT Crowled! https://worldview.stratfor.com/article/did-israel-just-kill-iran-nuclear-deal
list index out of range
********************************************************************************
Crowled! :) https://foreignpolicy.com/2018/03/23/john-bolton-is-a-national-security-threat/
********************************************************************************
Crowled! :) https://www.haaretz.com/middle-east-news/.premium.MAGAZINE-does-iran-really-want-to-nuke-israel-1.6244003
********************************************************************************
NOT Crowled! https://www.politico.eu/article/europe-can-save-the-iran-nuclear-deal-donald-trump/
list index out of range
********************************************************************************
Crowled! :) https://www.ecfr.eu/publications/summary/divided_at_the_centre_germany_poland_and_the_troubles_of_the_trump_era
********************************************************************************
NOT Crowled! https://www.vox.com/2015/7/16/8974507/iran-deal-explained-expert
list index out of range
********************************************************************************
