Crowled! :) https://en.mehrnews.com/news/145549/Iran-s-recent-JCPOA-related-steps-no-threat-to-NPT
********************************************************************************
Crowled! :) https://www.dailywire.com/news/47504/iran-quadruples-its-uranium-enrichment-capacity-hank-berrien
********************************************************************************
NOT Crowled! http://tass.com/world/1059367
list index out of range
********************************************************************************
NOT Crowled! https://www.asiatimes.com/2019/05/opinion/why-bolton-makes-even-trump-nervous/
list index out of range
********************************************************************************
NOT Crowled! https://www.actionnewsnow.com/content/national/510234312.html
('Connection aborted.', RemoteDisconnected('Remote end closed connection without response'))
********************************************************************************
Crowled! :) https://www.cnn.com/2019/05/08/middleeast/iran-us-nuclear-deal-background-intl/index.html
********************************************************************************
NOT Crowled! https://www.cnbc.com/2019/05/08/iran-threatens-to-pull-out-of-some-parts-of-2015-nuclear-deal.html
list index out of range
********************************************************************************
NOT Crowled! https://www.bbc.co.uk/news/world-middle-east-48197628
HTTPSConnectionPool(host='www.bbc.co.uk', port=443): Max retries exceeded with url: /news/world-middle-east-48197628 (Caused by NewConnectionError('<urllib3.connection.VerifiedHTTPSConnection object at 0x7f34a4b1bbe0>: Failed to establish a new connection: [Errno 111] Connection refused'))
********************************************************************************
NOT Crowled! https://en.radiofarda.com/a/iran-tv-breaks-news-on-partial-resumption-of-tehran-s-nuclear-activities/29923985.html
HTTPSConnectionPool(host='en.radiofarda.com', port=443): Max retries exceeded with url: /a/iran-tv-breaks-news-on-partial-resumption-of-tehran-s-nuclear-activities/29923985.html (Caused by NewConnectionError('<urllib3.connection.VerifiedHTTPSConnection object at 0x7f34a4ad42b0>: Failed to establish a new connection: [Errno 111] Connection refused'))
********************************************************************************
NOT Crowled! https://www.timesofisrael.com/iran-tells-powers-it-will-suspend-some-nuclear-deal-commitments/
HTTPSConnectionPool(host='www.timesofisrael.com', port=443): Max retries exceeded with url: /iran-tells-powers-it-will-suspend-some-nuclear-deal-commitments/ (Caused by SSLError(SSLError("bad handshake: SysCallError(-1, 'Unexpected EOF')")))
********************************************************************************
NOT Crowled! https://www.dw.com/cda/en/eu-backs-iran-nuclear-deal-as-pompeo-visits/a-48712464
HTTPSConnectionPool(host='www.dw.com', port=443): Max retries exceeded with url: /cda/en/eu-backs-iran-nuclear-deal-as-pompeo-visits/a-48712464 (Caused by SSLError(SSLError("bad handshake: SysCallError(104, 'ECONNRESET')")))
********************************************************************************
Crowled! :) https://en.mehrnews.com/news/145196/EU-to-address-Iran-nuclear-deal-on-Mon
********************************************************************************
Crowled! :) https://ifpnews.com/exclusive/e3-fms-pompeo-to-hold-emergency-talks-on-iran-in-brussels/
********************************************************************************
Crowled! :) https://www.theguardian.com/commentisfree/2019/may/16/john-bolton-trump-iran-nuclear-deal-danger
********************************************************************************
NOT Crowled! https://www.vanityfair.com/news/2019/05/john-bolton-replaying-his-iraq-war-playbook-with-iran
HTTPSConnectionPool(host='www.vanityfair.com', port=443): Max retries exceeded with url: /news/2019/05/john-bolton-replaying-his-iraq-war-playbook-with-iran (Caused by SSLError(SSLError("bad handshake: SysCallError(104, 'ECONNRESET')")))
********************************************************************************
NOT Crowled! https://theglobepost.com/2019/05/15/trump-iran-policy/
HTTPSConnectionPool(host='theglobepost.com', port=443): Max retries exceeded with url: /2019/05/15/trump-iran-policy/ (Caused by NewConnectionError('<urllib3.connection.VerifiedHTTPSConnection object at 0x7f34a4ad4780>: Failed to establish a new connection: [Errno 110] Connection timed out'))
********************************************************************************
NOT Crowled! https://www.timesofisrael.com/iran-says-it-has-begun-measures-to-modify-commitments-to-nuclear-deal/
HTTPSConnectionPool(host='www.timesofisrael.com', port=443): Max retries exceeded with url: /iran-says-it-has-begun-measures-to-modify-commitments-to-nuclear-deal/ (Caused by SSLError(SSLError("bad handshake: SysCallError(-1, 'Unexpected EOF')")))
********************************************************************************
Crowled! :) https://foreignpolicy.com/2019/05/13/iran-may-be-bluffing/
********************************************************************************
Crowled! :) https://news.usni.org/2019/05/14/report-to-congress-on-irans-nuclear-program
********************************************************************************
NOT Crowled! https://www.politico.eu/article/europe-can-still-save-the-iran-nuclear-deal-sibiu-summit/
list index out of range
********************************************************************************
NOT Crowled! https://www.politico.eu/article/europe-vows-to-uphold-iran-nuclear-deal-as-trump-raises-pressure/
list index out of range
********************************************************************************
NOT Crowled! https://www3.nhk.or.jp/nhkworld/en/news/20190516_20/
list index out of range
********************************************************************************
NOT Crowled! https://www.al-monitor.com/pulse/originals/2019/05/iran-take-up-trump-offer-talk.html
list index out of range
********************************************************************************
NOT Crowled! https://www.dw.com/cda/en/germanys-maas-warns-maximum-pressure-wont-help-with-iran/a-48753659
HTTPSConnectionPool(host='www.dw.com', port=443): Max retries exceeded with url: /cda/en/germanys-maas-warns-maximum-pressure-wont-help-with-iran/a-48753659 (Caused by SSLError(SSLError("bad handshake: SysCallError(104, 'ECONNRESET')")))
********************************************************************************
https://www.washingtonpost.com/world/middle_east/the-latest-fm-says-iran-is-committed-to-nuclear-deal/2019/05/15/9dd92868-778b-11e9-a7bf-c8a43b84ee31_NOT Crowled! https://www.washingtonpost.com/world/middle_east/the-latest-fm-says-iran-is-committed-to-nuclear-deal/2019/05/15/9dd92868-778b-11e9-a7bf-c8a43b84ee31_story.html
HTTPSConnectionPool(host='www.washingtonpost.com', port=443): Max retries exceeded with url: /world/middle_east/the-latest-fm-says-iran-is-committed-to-nuclear-deal/2019/05/15/9dd92868-778b-11e9-a7bf-c8a43b84ee31_story.html (Caused by SSLError(SSLError("bad handshake: SysCallError(104, 'ECONNRESET')")))
********************************************************************************
NOT Crowled! https://www.reuters.com/article/us-usa-iran-trump/trump-urges-iran-to-talk-over-nuclear-program-cannot-rule-out-military-action-idUSKCN1SF26S
list index out of range
********************************************************************************
NOT Crowled! https://www.motherjones.com/politics/2019/05/trump-is-getting-dangerously-close-to-war-with-iran/
HTTPSConnectionPool(host='www.motherjones.com', port=443): Max retries exceeded with url: /politics/2019/05/trump-is-getting-dangerously-close-to-war-with-iran/ (Caused by SSLError(SSLError("bad handshake: SysCallError(-1, 'Unexpected EOF')")))
********************************************************************************
Crowled! :) https://www.pakistantoday.com.pk/2019/05/11/trumps-gunboat-diplomacy/
********************************************************************************
NOT Crowled! https://en.qantara.de/content/usa-and-iran-trump-agent-provocateur
HTTPSConnectionPool(host='en.qantara.de', port=443): Max retries exceeded with url: /content/usa-and-iran-trump-agent-provocateur (Caused by SSLError(SSLError("bad handshake: SysCallError(104, 'ECONNRESET')")))
********************************************************************************
NOT Crowled! https://www.thedailybeast.com/trump-readies-a-new-war-on-irans-economy
HTTPSConnectionPool(host='www.thedailybeast.com', port=443): Max retries exceeded with url: /trump-readies-a-new-war-on-irans-economy (Caused by NewConnectionError('<urllib3.connection.VerifiedHTTPSConnection object at 0x7f34a4ab73c8>: Failed to establish a new connection: [Errno 111] Connection refused'))
********************************************************************************
NOT Crowled! https://www.washingtonpost.com/world/2019/05/15/white-house-builds-path-war-with-iran/
HTTPSConnectionPool(host='www.washingtonpost.com', port=443): Max retries exceeded with url: /world/2019/05/15/white-house-builds-path-war-with-iran/ (Caused by SSLError(SSLError("bad handshake: SysCallError(104, 'ECONNRESET')")))
********************************************************************************
NOT Crowled! https://www.jpost.com/Israel-News/Netanyahu-rebuffs-letter-of-former-security-officials-warning-of-annexation-590300
HTTPSConnectionPool(host='www.jpost.com', port=443): Max retries exceeded with url: /Israel-News/Netanyahu-rebuffs-letter-of-former-security-officials-warning-of-annexation-590300 (Caused by SSLError(SSLError("bad handshake: SysCallError(104, 'ECONNRESET')")))
********************************************************************************
http://www.iforex.in/news/oil-surged-trumps-iran-rhetorics-and-nigerian-disruptions-while-undercutting-opec-suspense-and-lingering-us-china-trade-war-NOT Crowled! http://www.iforex.in/news/oil-surged-trumps-iran-rhetorics-and-nigerian-disruptions-while-undercutting-opec-suspense-and-lingering-us-china-trade-war-uncertainty-64107
list index out of range
********************************************************************************
NOT Crowled! https://www.asiatimes.com/2019/05/opinion/us-vs-iran-a-confrontation-from-hell/
list index out of range
********************************************************************************
Crowled! :) https://nationalinterest.org/blog/middle-east-watch/iran-wants-way-out-crisis-america-wont-give-it-one-57732
********************************************************************************
NOT Crowled! https://www.haaretz.com/middle-east-news/.premium-rohani-vs-revolutionary-guards-inside-iran-s-turbulent-debate-on-war-with-america-1.7242942
HTTPSConnectionPool(host='www.haaretz.com', port=443): Max retries exceeded with url: /middle-east-news/.premium-rohani-vs-revolutionary-guards-inside-iran-s-turbulent-debate-on-war-with-america-1.7242942 (Caused by SSLError(SSLError("bad handshake: SysCallError(104, 'ECONNRESET')")))
********************************************************************************
NOT Crowled! https://www.almasdarnews.com/article/british-special-forces-join-us-strike-group-against-iran/
('Connection aborted.', RemoteDisconnected('Remote end closed connection without response'))
********************************************************************************
Crowled! :) https://nationalinterest.org/blog/buzz/spain-wants-nothing-do-america%E2%80%99s-iran-strategy-57537
********************************************************************************
NOT Crowled! https://www.newdelhitimes.com/us-needs-to-nurture-strategic-ties-with-india/
list index out of range
********************************************************************************
NOT Crowled! https://www.lowyinstitute.org/the-interpreter/looming-international-law-paradox-between-us-and-iran
list index out of range
********************************************************************************
Crowled! :) https://www.commondreams.org/views/2019/05/20/fear-mustache-why-bolton-makes-even-donald-trump-nervous
********************************************************************************
NOT Crowled! https://www.alternet.org/2019/05/john-bolton-even-makes-donald-trump-nervous-heres-why/
('Connection aborted.', RemoteDisconnected('Remote end closed connection without response'))
********************************************************************************
NOT Crowled! https://www.politico.eu/article/republicans-trump-doesnt-want-war-with-iran/
list index out of range
********************************************************************************
Crowled! :) https://www.japantimes.co.jp/opinion/2019/05/15/commentary/world-commentary/america-versus-iran-confrontation-hell/
********************************************************************************
NOT Crowled! https://www.atlanticcouncil.org/blogs/iransource/is-iran-running-out-of-patience-with-nuclear-agreements
list index out of range
********************************************************************************
Crowled! :) https://www.marketwatch.com/story/us-iran-war-wouldnt-be-a-cakewalk-it-would-be-hell-2019-05-10
********************************************************************************
https://www.firstpost.com/world/us-iran-military-dispute-easy-to-initiate-but-difficult-to-control-conflict-will-push-west-asia-into-chaos-create-globNOT Crowled! https://www.firstpost.com/world/us-iran-military-dispute-easy-to-initiate-but-difficult-to-control-conflict-will-push-west-asia-into-chaos-create-global-energy-crisis-6609621.html
('Connection aborted.', RemoteDisconnected('Remote end closed connection without response'))
********************************************************************************
Crowled! :) https://nationalinterest.org/feature/trumps-iran-policy-emboldening-hawkish-democrats-54247
********************************************************************************
Crowled! :) https://www.tv7israelnews.com/europe-shifts-its-tone-towards-iran/
********************************************************************************
Crowled! :) https://www.albawaba.com/news/emir-and-tsar-kuwait-turns-russia-trump-clashes-iran-1286787
********************************************************************************
NOT Crowled! http://riponpress.com/Content/Views/Editorials/Article/Editorial-Experts-give-Trump-mixed-grades/11/44/13835
list index out of range
********************************************************************************
Crowled! :) https://www.csmonitor.com/World/Europe/2019/0521/Russia-looks-for-US-to-propose-bigger-better-arms-control
********************************************************************************
Crowled! :) https://foreignpolicy.com/2019/05/15/the-hidden-sources-of-iranian-strength/
********************************************************************************
Crowled! :) https://lobelog.com/the-path-to-war-with-iran-is-paved-with-sanctions/
********************************************************************************
NOT Crowled! http://tass.com/pressreview/1059022
list index out of range
********************************************************************************
Crowled! :) https://www.irishtimes.com/news/world/middle-east/iran-s-revolutionary-guards-reject-talks-with-us-after-trump-appeal-1.3888044
********************************************************************************
Crowled! :) https://www.yahoo.com/news/fatal-flaws-remain-british-pms-brexit-deal-dup-164153754--business.html
********************************************************************************
NOT Crowled! https://uk.reuters.com/article/uk-britain-eu-dup-primeminister/new-uk-pm-may-be-needed-to-deliver-brexit-northern-irish-dups-dodds-idUKKCN1SR24A
list index out of range
********************************************************************************
Crowled! :) https://www.trinidadexpress.com/opinion/columnists/regional-foreign-policy-imperatives/article_25c8308e-7c19-11e9-b4bf-2bccd5b73c4c.html
********************************************************************************
NOT Crowled! https://theweek.com/articles/841854/dangerous-myth-american-hegemony
list index out of range
********************************************************************************
Crowled! :) https://www.yahoo.com/news/rep-tom-mcclintock-says-jerry-172212988.html
********************************************************************************
Crowled! :) https://leadership.ng/2019/05/10/germanys-trade-with-iran-slumps-amid-u-s-sanctions/
********************************************************************************
NOT Crowled! http://europa.eu/rapid/press-release_IP-19-2248_en.htm
list index out of range
********************************************************************************
NOT Crowled! https://www.sacbee.com/entertainment/celebrities/article229759179.html
HTTPSConnectionPool(host='www.sacbee.com', port=443): Max retries exceeded with url: /entertainment/celebrities/article229759179.html (Caused by SSLError(SSLError("bad handshake: SysCallError(104, 'ECONNRESET')")))
********************************************************************************
Crowled! :) https://thehill.com/homenews/morning-report/444698-the-hills-morning-report
********************************************************************************
NOT Crowled! https://www.dw.com/en/iran-confident-nuclear-deal-can-be-salvaged-as-britain-stresses-commitment/a-46351245
HTTPSConnectionPool(host='www.dw.com', port=443): Max retries exceeded with url: /en/iran-confident-nuclear-deal-can-be-salvaged-as-britain-stresses-commitment/a-46351245 (Caused by SSLError(SSLError("bad handshake: SysCallError(104, 'ECONNRESET')")))
********************************************************************************
Crowled! :) https://www.theatlantic.com/politics/archive/2019/03/us-attempts-kill-iran-nuclear-deal-could-save-it/585109/
********************************************************************************
NOT Crowled! https://www.newsweek.com/iran-remains-compliance-nuclear-deal-despite-trump-sanctions-un-1098049
list index out of range
********************************************************************************
NOT Crowled! https://www.rferl.org/a/iaea-iran-compliance-2015-nuclear-deal/29461841.html
HTTPSConnectionPool(host='www.rferl.org', port=443): Max retries exceeded with url: /a/iaea-iran-compliance-2015-nuclear-deal/29461841.html (Caused by SSLError(SSLError("bad handshake: SysCallError(104, 'ECONNRESET')")))
********************************************************************************
NOT Crowled! https://cointelegraph.com/news/ripple-ceo-even-the-banking-goliaths-will-have-to-embrace-crypto-blockchain-innovation
list index out of range
********************************************************************************
NOT Crowled! https://www.forbes.com/sites/annalisagirardi/2019/04/09/instex-a-new-channel-to-bypass-u-s-sanctions-and-trade-with-iran/
list index out of range
********************************************************************************
NOT Crowled! https://www.politico.eu/article/mike-pence-iran-nuclear-deal-demands-eu-powers-abandon/
list index out of range
********************************************************************************
Crowled! :) http://www.german-times.com/are-the-us-israel-and-saudi-arabia-preparing-for-regime-change-in-iran/
********************************************************************************
NOT Crowled! https://www.politico.eu/article/donald-trump-iran-nuclear-deal-seeks-to-split-eu-as-fight-intensifies/
list index out of range
********************************************************************************
Crowled! :) https://qz.com/1558132/trumps-risky-nuclear-double-standard-on-north-korea-and-iran/
********************************************************************************
Crowled! :) https://www.nytimes.com/2018/05/08/world/middleeast/trump-iran-nuclear-deal.html
********************************************************************************
Crowled! :) https://news.usni.org/2019/04/04/report-congress-status-irans-nuclear-program
********************************************************************************
https://www.reuters.com/article/us-iran-nuclear-inspection-exclusive/exclusive-un-nuclear-watchdog-inspects-iran-warehouse-netanyahu-pointed-to-sourceNOT Crowled! https://www.reuters.com/article/us-iran-nuclear-inspection-exclusive/exclusive-un-nuclear-watchdog-inspects-iran-warehouse-netanyahu-pointed-to-sources-idUSKCN1RG2B9
list index out of range
********************************************************************************
Crowled! :) https://www.themoscowtimes.com/2018/05/08/why-russia-wants-the-iran-deal-op-ed-a61386
********************************************************************************
Crowled! :) https://www.cnn.com/2015/04/02/world/iran-nuclear-talks/index.html
********************************************************************************
NOT Crowled! https://www.washingtonpost.com/news/post-politics/wp/2015/04/02/president-obamas-full-remarks-announcing-a-framework-for-a-nuclear-deal-with-iran/
HTTPSConnectionPool(host='www.washingtonpost.com', port=443): Max retries exceeded with url: /news/post-politics/wp/2015/04/02/president-obamas-full-remarks-announcing-a-framework-for-a-nuclear-deal-with-iran/ (Caused by SSLError(SSLError("bad handshake: SysCallError(104, 'ECONNRESET')")))
********************************************************************************
NOT Crowled! http://time.com/3770850/iran-deal-explainer/
list index out of range
********************************************************************************
NOT Crowled! https://www.bbc.com/news/world-middle-east-32166814
HTTPSConnectionPool(host='www.bbc.com', port=443): Max retries exceeded with url: /news/world-middle-east-32166814 (Caused by NewConnectionError('<urllib3.connection.VerifiedHTTPSConnection object at 0x7f34a493b588>: Failed to establish a new connection: [Errno 111] Connection refused'))
********************************************************************************
Crowled! :) https://www.theguardian.com/world/2015/apr/02/iran-nuclear-deal-negotiators-announce-framework-agreement
********************************************************************************
Crowled! :) https://www.theatlantic.com/international/archive/2015/04/the-iran-nuclear-deal-by-the-numbers/389592/
********************************************************************************
NOT Crowled! https://www.timesofisrael.com/democratic-party-passes-resolution-calling-for-us-to-re-enter-iran-nuke-deal/
HTTPSConnectionPool(host='www.timesofisrael.com', port=443): Max retries exceeded with url: /democratic-party-passes-resolution-calling-for-us-to-re-enter-iran-nuke-deal/ (Caused by SSLError(SSLError("bad handshake: SysCallError(-1, 'Unexpected EOF')")))
********************************************************************************
NOT Crowled! https://www.vox.com/world/2018/5/8/17328520/iran-nuclear-deal-trump-withdraw
list index out of range
********************************************************************************
Crowled! :) https://www.nbcnews.com/storyline/smart-facts/what-iran-nuclear-deal-n868346
********************************************************************************
NOT Crowled! https://www.bbc.com/news/world-us-canada-43887061
HTTPSConnectionPool(host='www.bbc.com', port=443): Max retries exceeded with url: /news/world-us-canada-43887061 (Caused by NewConnectionError('<urllib3.connection.VerifiedHTTPSConnection object at 0x7f34a4a3fc88>: Failed to establish a new connection: [Errno 111] Connection refused'))
********************************************************************************
Crowled! :) https://www.theguardian.com/commentisfree/2018/apr/27/iran-nuclear-deal-survive-trump-wrecking-crew
********************************************************************************
NOT Crowled! https://www.thedailybeast.com/as-donald-trump-eyes-iran-nuclear-deal-north-korea-is-watching
HTTPSConnectionPool(host='www.thedailybeast.com', port=443): Max retries exceeded with url: /as-donald-trump-eyes-iran-nuclear-deal-north-korea-is-watching (Caused by NewConnectionError('<urllib3.connection.VerifiedHTTPSConnection object at 0x7f34a4a2f908>: Failed to establish a new connection: [Errno 111] Connection refused'))
********************************************************************************
Crowled! :) https://money.cnn.com/2018/04/26/investing/iran-nuclear-deal-trump-macron/index.html
********************************************************************************
NOT Crowled! https://www.bbc.co.uk/news/world-middle-east-43858040
HTTPSConnectionPool(host='www.bbc.co.uk', port=443): Max retries exceeded with url: /news/world-middle-east-43858040 (Caused by NewConnectionError('<urllib3.connection.VerifiedHTTPSConnection object at 0x7f34a4a2f668>: Failed to establish a new connection: [Errno 111] Connection refused'))
********************************************************************************
NOT Crowled! https://www.chicagotribune.com/nation-world/ct-fact-check-trump-iran-deal-20180508-story.html
('Connection aborted.', RemoteDisconnected('Remote end closed connection without response'))
********************************************************************************
NOT Crowled! https://www.rferl.org/a/un-security-council-members-reject-trump-s-calls-for-sanctions-on-iran/29511441.html
HTTPSConnectionPool(host='www.rferl.org', port=443): Max retries exceeded with url: /a/un-security-council-members-reject-trump-s-calls-for-sanctions-on-iran/29511441.html (Caused by SSLError(SSLError("bad handshake: SysCallError(104, 'ECONNRESET')")))
********************************************************************************
Crowled! :) https://www.politico.com/story/2018/09/25/us-nazi-disposition-iranian-leader-840200
********************************************************************************
NOT Crowled! https://www.newsweek.com/iran-fires-back-trump-un-speech-xenophobic-tendencies-resembling-nazi-1138732
list index out of range
********************************************************************************
Crowled! :) https://www.coindesk.com/sec-uncertainty-looms-over-token-summit-again
********************************************************************************
Crowled! :) https://lobelog.com/europe-is-determined-to-save-the-iran-deal/
********************************************************************************
Crowled! :) https://www.thenation.com/article/the-dangers-of-withdrawing-from-the-iran-nuke-agreement-a-qa-with-richard-falk/
********************************************************************************
Crowled! :) https://www.investopedia.com/articles/investing/072715/dummies-guide-iran-nuclear-deal.asp
********************************************************************************
NOT Crowled! https://thenewsrep.com/112796/what-nuclear-deal-iran-develops-new-uranium-enrichment-process/
list index out of range
********************************************************************************
NOT Crowled! https://en.radiofarda.com/a/rouhani-threatens-the-u-s-with-new-centrefuges/29872701.html
HTTPSConnectionPool(host='en.radiofarda.com', port=443): Max retries exceeded with url: /a/rouhani-threatens-the-u-s-with-new-centrefuges/29872701.html (Caused by NewConnectionError('<urllib3.connection.VerifiedHTTPSConnection object at 0x7f34a4a2f898>: Failed to establish a new connection: [Errno 111] Connection refused'))
********************************************************************************
Crowled! :) https://www.foreignaffairs.com/articles/2018-08-13/how-we-got-iran-deal
********************************************************************************
NOT Crowled! https://www.washingtonpost.com/news/theworldpost/wp/2019/02/01/inf/
HTTPSConnectionPool(host='www.washingtonpost.com', port=443): Max retries exceeded with url: /news/theworldpost/wp/2019/02/01/inf/ (Caused by SSLError(SSLError("bad handshake: SysCallError(104, 'ECONNRESET')")))
********************************************************************************
NOT Crowled! https://www.bloomberg.com/news/articles/2019-02-01/trump-says-u-s-is-withdrawing-from-nuclear-treaty-with-russia
list index out of range
********************************************************************************
Crowled! :) https://www.usatoday.com/story/news/world/2019/02/01/trump-administration-withdraws-u-s-russia-nuclear-weapons-treaty/2737306002/
********************************************************************************
NOT Crowled! https://www.middleeastmonitor.com/20181121-iran-threatens-to-withdraw-from-nuclear-deal/
list index out of range
********************************************************************************
Crowled! :) https://www.cnn.com/2018/05/09/middleeast/iran-deal-what-you-need-to-know-intl/index.html
********************************************************************************
Crowled! :) https://www.coindesk.com/digital-renminbi-a-fiat-coin-to-make-m0-great-again
********************************************************************************
Crowled! :) https://lobelog.com/europes-last-push-on-the-iran-nuclear-deal/
********************************************************************************
NOT Crowled! https://www.timesofisrael.com/seized-archive-shows-iran-nuke-project-was-larger-than-thought-had-foreign-help/
HTTPSConnectionPool(host='www.timesofisrael.com', port=443): Max retries exceeded with url: /seized-archive-shows-iran-nuke-project-was-larger-than-thought-had-foreign-help/ (Caused by SSLError(SSLError("bad handshake: SysCallError(-1, 'Unexpected EOF')")))
********************************************************************************
NOT Crowled! https://www.thejournal.ie/donald-trump-iran-4142759-Jul2018/
list index out of range
********************************************************************************
Crowled! :) https://www.nbcnews.com/politics/white-house/key-european-allies-vow-uphold-iran-nuclear-deal-after-trump-n872441
********************************************************************************
Crowled! :) https://www.ecfr.eu/article/commentary_trumps_iran_sanctions_an_explainer_on_their_impact_for_europe
********************************************************************************
NOT Crowled! https://www.aspistrategist.org.au/the-iran-nuclear-deal-challenging-trumps-new-sanctions/
list index out of range
********************************************************************************
NOT Crowled! https://en.radiofarda.com/a/iran-us-sanctions-take-effect/29415062.html
HTTPSConnectionPool(host='en.radiofarda.com', port=443): Max retries exceeded with url: /a/iran-us-sanctions-take-effect/29415062.html (Caused by NewConnectionError('<urllib3.connection.VerifiedHTTPSConnection object at 0x7f34a48bbc88>: Failed to establish a new connection: [Errno 111] Connection refused'))
********************************************************************************
NOT Crowled! https://www.politico.eu/article/federica-mogherini-europe-vows-to-fight-for-iran-deal-as-us-donald-trump-renews-sanctions/
list index out of range
********************************************************************************
Crowled! :) https://www.coindesk.com/irans-crypto-regulations-whats-happening-behind-closed-doors
********************************************************************************
NOT Crowled! https://www.politico.eu/article/rebuking-donald-trump-major-powers-eu-britain-china-russia-germany-reaffirm-iran-nuclear-deal/
list index out of range
********************************************************************************
NOT Crowled! https://news.stanford.edu/2017/10/12/upholding-iran-nuclear-deal-wiser-course-u-s-national-interests-stanford-experts-say/
list index out of range
********************************************************************************
Crowled! :) https://www.theatlantic.com/international/archive/2017/10/iran-northk-korea-nuclear/542673/
********************************************************************************
NOT Crowled! https://thefederalist.com/2017/10/17/dont-actually-know-whether-iran-complying-nuclear-deal/
list index out of range
********************************************************************************
Crowled! :) https://www.cnn.com/2017/10/14/world/iran-trump-world-reaction/index.html
********************************************************************************
https://www.washingtonpost.com/world/middle_east/iran-blasts-trumps-moves-against-nuclear-deal-revolutionary-guard/2017/10/13/f5d6c5de-aeba-11e7-9b93-NOT Crowled! https://www.washingtonpost.com/world/middle_east/iran-blasts-trumps-moves-against-nuclear-deal-revolutionary-guard/2017/10/13/f5d6c5de-aeba-11e7-9b93-b97043e57a22_story.html
HTTPSConnectionPool(host='www.washingtonpost.com', port=443): Max retries exceeded with url: /world/middle_east/iran-blasts-trumps-moves-against-nuclear-deal-revolutionary-guard/2017/10/13/f5d6c5de-aeba-11e7-9b93-b97043e57a22_story.html (Caused by SSLError(SSLError("bad handshake: SysCallError(104, 'ECONNRESET')")))
********************************************************************************
NOT Crowled! https://www.politico.eu/article/mohammad-javad-zarif-iran-to-eu-give-us-more-to-preserve-nuclear-deal/
list index out of range
********************************************************************************
Crowled! :) https://www.theguardian.com/world/2018/may/25/iran-lists-demands-nuclear-deal-eu-us-sanctions
********************************************************************************
Crowled! :) https://fas.org/blogs/secrecy/2018/05/iran-deal-crs/
********************************************************************************
Crowled! :) https://www.bourseandbazaar.com/articles/2019/2/18/facing-a-damaging-ban-irans-crypto-community-seeks-policy-breakthrough
********************************************************************************
Crowled! :) https://lobelog.com/european-spv-offers-lifeline-to-iran-and-the-jcpoa/
********************************************************************************
NOT Crowled! https://www.al-monitor.com/pulse/originals/2019/01/trump-iran-maximum-pressure-policy-internal-assessment.html
list index out of range
********************************************************************************
NOT Crowled! https://www.politico.eu/article/eu-iran-fight-diplomacy-nuclear-deal/
list index out of range
********************************************************************************
Crowled! :) https://www.cnn.com/2019/01/30/politics/trump-intel-chiefs-foreign-policy-iran-isis-north-korea/index.html
********************************************************************************
Crowled! :) https://www.foreignaffairs.com/articles/iran/2018-05-16/how-iran-will-determine-nuclear-deals-fate
********************************************************************************
Crowled! :) https://foreignpolicy.com/2019/03/28/trumps-iran-policy-is-untethered-to-history/
********************************************************************************
NOT Crowled! https://observer.com/2019/02/john-bolton-iran-deal-termination-executive-order/
HTTPSConnectionPool(host='observer.com', port=443): Max retries exceeded with url: /2019/02/john-bolton-iran-deal-termination-executive-order/ (Caused by SSLError(SSLError("bad handshake: SysCallError(-1, 'Unexpected EOF')")))
********************************************************************************
NOT Crowled! https://www.lawfareblog.com/what-make-icjs-provisional-measures-iran-v-us-nuclear-sanctions-case
('Connection aborted.', RemoteDisconnected('Remote end closed connection without response'))
********************************************************************************
NOT Crowled! http://jewishjournal.com/news/nation/239796/u-s-rescinds-parts-two-treaties-avoid-u-n-court-actions/
HTTPConnectionPool(host='jewishjournal.com', port=80): Max retries exceeded with url: /news/nation/239796/u-s-rescinds-parts-two-treaties-avoid-u-n-court-actions/ (Caused by NewConnectionError('<urllib3.connection.HTTPConnection object at 0x7f34a4801518>: Failed to establish a new connection: [Errno 110] Connection timed out'))
********************************************************************************
Crowled! :) https://qz.com/1543693/donald-trump-plans-a-nuclear-arms-race-in-his-sotu-speech/
********************************************************************************
NOT Crowled! https://www.thetrumpet.com/17932-iran-got-far-closer-to-a-nuclear-bomb-than-realized
list index out of range
********************************************************************************
https://www.washingtonpost.com/politics/trump-will-announce-plans-to-pull-out-of-iran-nuclear-deal-despite-pleas-from-european-leaders/2018/05/08/4c14NOT Crowled! https://www.washingtonpost.com/politics/trump-will-announce-plans-to-pull-out-of-iran-nuclear-deal-despite-pleas-from-european-leaders/2018/05/08/4c148252-52ca-11e8-9c91-7dab596e8252_story.html
HTTPSConnectionPool(host='www.washingtonpost.com', port=443): Max retries exceeded with url: /politics/trump-will-announce-plans-to-pull-out-of-iran-nuclear-deal-despite-pleas-from-european-leaders/2018/05/08/4c148252-52ca-11e8-9c91-7dab596e8252_story.html (Caused by SSLError(SSLError("bad handshake: SysCallError(104, 'ECONNRESET')")))
********************************************************************************
NOT Crowled! https://www.fairobserver.com/region/middle_east_north_africa/iran-nuclear-deal-jcpoa-france-europe-donald-trump-sanctions-iran-news-today-43490/
HTTPSConnectionPool(host='www.fairobserver.com', port=443): Max retries exceeded with url: /region/middle_east_north_africa/iran-nuclear-deal-jcpoa-france-europe-donald-trump-sanctions-iran-news-today-43490/ (Caused by NewConnectionError('<urllib3.connection.VerifiedHTTPSConnection object at 0x7f34a4801278>: Failed to establish a new connection: [Errno 110] Connection timed out'))
********************************************************************************
NOT Crowled! https://www.newsweek.com/us-iran-deal-exit-brings-russia-china-closer-europe-meet-behind-trumps-back-1011890
list index out of range
********************************************************************************
NOT Crowled! https://news.cgtn.com/news/3d3d674e7a6b7a4e32457a6333566d54/index.html
list index out of range
********************************************************************************
Crowled! :) https://qz.com/1334536/donald-trump-already-told-us-why-hes-shouting-at-iran/
********************************************************************************
NOT Crowled! https://www.atlanticcouncil.org/blogs/new-atlanticist/trump-s-iran-sanctions-are-back-will-they-work
list index out of range
********************************************************************************
NOT Crowled! https://www.handelsblatt.com/today/companies/trump-triumphant-german-firms-bend-to-us-sanctions-cutting-ties-to-iran/23582990.html
('Connection aborted.', RemoteDisconnected('Remote end closed connection without response'))
********************************************************************************
Crowled! :) https://www.bourseandbazaar.com/articles/2018/7/23/brexit-britain-cant-rely-on-eu-efforts-save-iran-nuclear-deal
********************************************************************************
NOT Crowled! https://www.ft.com/content/fb369232-52d1-11e8-b3ee-41e0209208ec
list index out of range
********************************************************************************
NOT Crowled! https://www.timesofisrael.com/in-recording-netanyahu-boasts-israel-convinced-trump-to-quit-iran-nuclear-deal/
HTTPSConnectionPool(host='www.timesofisrael.com', port=443): Max retries exceeded with url: /in-recording-netanyahu-boasts-israel-convinced-trump-to-quit-iran-nuclear-deal/ (Caused by SSLError(SSLError("bad handshake: SysCallError(-1, 'Unexpected EOF')")))
********************************************************************************
NOT Crowled! https://www.reuters.com/article/us-behravesh-iran-commentary/commentary-as-u-s-sanctions-loom-can-iran-nuclear-deal-still-be-saved-idUSKBN1KD2C5
list index out of range
********************************************************************************
NOT Crowled! https://www.channelnewsasia.com/news/commentary/iran-nuclear-deal-agreement-weakened-gradual-demise-10557030
list index out of range
********************************************************************************
Crowled! :) https://www.euronews.com/2018/06/05/europe-faces-a-choice-over-iran-uphold-its-values-or-surrender-its-credibility-view
********************************************************************************
NOT Crowled! https://www.reuters.com/article/us-israel-iran-germany/merkel-we-should-broaden-negotiating-framework-for-iran-nuclear-deal-idUSKBN1I321K
list index out of range
********************************************************************************
NOT Crowled! https://www.atlanticcouncil.org/blogs/iransource/the-eu-should-tackle-iran-s-ballistic-missile-program
list index out of range
********************************************************************************
Crowled! :) https://www.europeanleadershipnetwork.org/commentary/on-speaking-terms-europe-iran-dialogue-on-regional-flashpoints/
********************************************************************************
Crowled! :) https://thehill.com/policy/international/395495-iranian-president-travels-to-austria-in-effort-to-salvage-iran-deal
********************************************************************************
Crowled! :) https://www.defenseone.com/ideas/2019/01/boltons-big-iran-con/154109/
********************************************************************************
Crowled! :) https://www.irishtimes.com/news/world/middle-east/eu-determined-to-preserve-iran-nuclear-deal-after-us-pulls-out-1.3488449
********************************************************************************
NOT Crowled! https://www.reuters.com/article/us-iran-nuclear-macron-response/frances-macron-says-will-keep-working-on-broader-iran-nuclear-deal-idUSKBN1I92OW
list index out of range
********************************************************************************
NOT Crowled! https://www.ft.com/content/e75b91b2-e1cf-11e8-a6e5-792428919cee
list index out of range
********************************************************************************
NOT Crowled! https://www.timesofisrael.com/iran-says-it-expects-eu-to-set-up-mechanism-to-bypass-us-sanctions-by-november/
HTTPSConnectionPool(host='www.timesofisrael.com', port=443): Max retries exceeded with url: /iran-says-it-expects-eu-to-set-up-mechanism-to-bypass-us-sanctions-by-november/ (Caused by SSLError(SSLError("bad handshake: SysCallError(-1, 'Unexpected EOF')")))
********************************************************************************
NOT Crowled! https://www.reuters.com/article/us-iran-usa-missiles/iran-says-to-continue-missile-tests-after-us-allegation-idUSKBN1O1078
list index out of range
********************************************************************************
Crowled! :) https://www.middleeasteye.net/news/un-security-council-meet-over-iran-ballistic-missile-test
********************************************************************************
Crowled! :) https://www.theatlantic.com/international/archive/2018/10/trump-withdraw-inf-treaty-why/573715/
********************************************************************************
NOT Crowled! https://www.lowyinstitute.org/the-interpreter/one-iran-deal-us-should-keep
list index out of range
********************************************************************************
NOT Crowled! https://apps.washingtonpost.com/g/documents/world/full-text-of-the-iran-nuclear-deal/1651/
HTTPSConnectionPool(host='apps.washingtonpost.com', port=443): Max retries exceeded with url: /g/documents/world/full-text-of-the-iran-nuclear-deal/1651/ (Caused by SSLError(SSLError("bad handshake: SysCallError(104, 'ECONNRESET')")))
********************************************************************************
NOT Crowled! https://www.washingtonexaminer.com/opinion/what-happens-when-the-us-withdraws-from-the-iran-nuclear-deal
list index out of range
********************************************************************************
Crowled! :) https://www.cfr.org/backgrounder/impact-iran-nuclear-agreement
********************************************************************************
Crowled! :) https://www.wsj.com/articles/trump-to-withdraw-u-s-from-iran-accord-1525800212
********************************************************************************
NOT Crowled! http://www.xinhuanet.com/english/2019-03/13/c_137889856.htm
list index out of range
********************************************************************************
NOT Crowled! https://thebulletin.org/2017/11/the-future-of-the-iran-nuclear-deal/
list index out of range
********************************************************************************
Crowled! :) https://www.latimes.com/world/middleeast/la-fg-israel-iran-deal-20171009-story.html
********************************************************************************
NOT Crowled! https://www.thehindu.com/opinion/editorial/defend-the-deal/article24098223.ece
('Connection aborted.', RemoteDisconnected('Remote end closed connection without response'))
********************************************************************************
NOT Crowled! http://www.sacbee.com/news/nation-world/article212725349.html
list index out of range
********************************************************************************
https://www.news.com.au/world/north-america/trump-administration-reimposes-iran-sanctions-lifted-under-obama-nuclear-deal/news-story/5d554e8abf6b86d1aNOT Crowled! https://www.news.com.au/world/north-america/trump-administration-reimposes-iran-sanctions-lifted-under-obama-nuclear-deal/news-story/5d554e8abf6b86d1a0db93c38ad85ebe
HTTPSConnectionPool(host='www.news.com.au', port=443): Max retries exceeded with url: /world/north-america/trump-administration-reimposes-iran-sanctions-lifted-under-obama-nuclear-deal/news-story/5d554e8abf6b86d1a0db93c38ad85ebe (Caused by SSLError(SSLError("bad handshake: SysCallError(104, 'ECONNRESET')")))
********************************************************************************
Crowled! :) https://qz.com/1272832/trump-quits-iran-deal-us-sanctions-are-a-heavy-blow-for-europe/
********************************************************************************
Crowled! :) https://www.foreignaffairs.com/articles/iran/2019-02-04/europe-tests-boundaries-iran
********************************************************************************
Crowled! :) https://www.euronews.com/2018/05/07/where-do-countries-stand-on-the-iran-nuclear-deal-
********************************************************************************
Crowled! :) https://www.ecfr.eu/article/commentary_europes_balancing_act_on_the_nuclear_deal_trump_iran
********************************************************************************
Crowled! :) https://www.politifact.com/truth-o-meter/statements/2017/oct/19/nikki-haley/haley-wrongly-says-congress-had-no-input-iran-nucl/
********************************************************************************
Crowled! :) https://www.nytimes.com/interactive/2015/03/31/world/middleeast/simple-guide-nuclear-talks-iran-us.html
********************************************************************************
NOT Crowled! https://www.timesofisrael.com/us-trying-to-move-forward-after-quitting-iran-nuclear-deal/
HTTPSConnectionPool(host='www.timesofisrael.com', port=443): Max retries exceeded with url: /us-trying-to-move-forward-after-quitting-iran-nuclear-deal/ (Caused by SSLError(SSLError("bad handshake: SysCallError(-1, 'Unexpected EOF')")))
********************************************************************************
Crowled! :) https://www.theatlantic.com/international/archive/2018/05/trump-iran-jcpoa/560759/
********************************************************************************
Crowled! :) https://www.japantimes.co.jp/news/2018/05/20/world/u-s-trying-move-forward-quitting-iran-nuclear-deal-europe-looks-thwart-effort/
********************************************************************************
https://www.washingtonpost.com/politics/nuclear-deal-trump-seeks-with-north-korea-could-mirror-iran-deal-he-hates/2018/05/18/e6766ab8-5955-11e8-b656-aNOT Crowled! https://www.washingtonpost.com/politics/nuclear-deal-trump-seeks-with-north-korea-could-mirror-iran-deal-he-hates/2018/05/18/e6766ab8-5955-11e8-b656-a5f8c2a9295d_story.html
HTTPSConnectionPool(host='www.washingtonpost.com', port=443): Max retries exceeded with url: /politics/nuclear-deal-trump-seeks-with-north-korea-could-mirror-iran-deal-he-hates/2018/05/18/e6766ab8-5955-11e8-b656-a5f8c2a9295d_story.html (Caused by SSLError(SSLError("bad handshake: SysCallError(104, 'ECONNRESET')")))
********************************************************************************
NOT Crowled! https://www.independent.co.uk/voices/iran-nuclear-deal-donald-trump-jcpoa-a8338716.html
list index out of range
********************************************************************************
https://www.brookings.edu/blog/order-from-chaos/2018/05/17/in-exiting-the-iran-deal-trump-left-u-n-sanctions-relief-intact-why-that-could-pose-problemCrowled! :) https://www.brookings.edu/blog/order-from-chaos/2018/05/17/in-exiting-the-iran-deal-trump-left-u-n-sanctions-relief-intact-why-that-could-pose-problems-down-the-road/
********************************************************************************
NOT Crowled! https://www.reuters.com/article/us-iran-nuclear-usa/in-speech-pompeo-to-call-for-broad-support-against-iran-idUSKCN1IJ217
list index out of range
********************************************************************************
Crowled! :) https://www.wired.com/story/iran-nuclear-deal-cyberattacks/
********************************************************************************
Crowled! :) https://www.foreignaffairs.com/articles/middle-east/2018-10-15/michael-pompeo-secretary-of-state-on-confronting-iran
********************************************************************************
Crowled! :) https://www.brookings.edu/blog/order-from-chaos/2018/05/02/as-trump-mulls-the-iran-deals-fate-a-three-ring-circus-ensues/
********************************************************************************
Crowled! :) https://www.economist.com/the-economist-explains/2015/04/05/everything-you-want-to-know-about-the-iranian-nuclear-deal
********************************************************************************
NOT Crowled! https://www.usnews.com/news/articles/2015/04/06/obama-kerry-netanyahu-who-gets-what-out-of-the-iran-nuclear-deal
('Connection aborted.', RemoteDisconnected('Remote end closed connection without response'))
********************************************************************************
Crowled! :) https://www.nytimes.com/2018/05/07/us/politics/trump-kerry-iran-nuclear-deal-illegal.html
********************************************************************************
Crowled! :) https://www.thequint.com/news/webqoof/iran-india-oil-for-rice-deal-not-unique
********************************************************************************
Crowled! :) https://www.theguardian.com/world/2018/mar/18/trump-iran-nuclear-deal-bob-corker
********************************************************************************
Crowled! :) https://www.politico.com/story/2019/02/19/michael-flynn-saudi-arabia-1174531
********************************************************************************
Crowled! :) https://nationalinterest.org/feature/the-path-broke-nuclear-agreements-25891
********************************************************************************
NOT Crowled! https://www.cnbc.com/2018/05/08/trump-to-announce-he-will-withdraw-us-from-iran-nuclear-deal.html
list index out of range
********************************************************************************
Crowled! :) https://thehill.com/opinion/national-security/356005-in-iran-nuclear-deal-debate-tehran-knows-congress-is-on-its-side
********************************************************************************
NOT Crowled! https://thebulletin.org/2018/05/say-goodbye-to-the-iran-deal-and-hello-to-a-polynuclear-middle-east/
list index out of range
********************************************************************************
Crowled! :) https://www.nytimes.com/2018/05/08/us/politics/trump-iran-nuclear-deal-news-analysis-.html
********************************************************************************
NOT Crowled! https://www.aljazeera.com/news/2018/05/world-leaders-react-withdrawal-iranian-nuclear-deal-180508184130931.html
list index out of range
********************************************************************************
NOT Crowled! https://cointelegraph.com/news/barclays-and-rbs-have-reduced-the-real-estate-transaction-process-four-times-who-benefits
list index out of range
********************************************************************************
Crowled! :) https://www.npr.org/2019/02/07/691997301/rep-alexandria-ocasio-cortez-releases-green-new-deal-outline
********************************************************************************
NOT Crowled! https://news.un.org/en/story/2019/03/1034041
list index out of range
********************************************************************************
Crowled! :) https://www.cnn.com/2018/05/08/politics/poll-iran-agreement/index.html
********************************************************************************
Crowled! :) https://www.politico.com/story/2018/06/07/trump-obama-iran-waiver-630379
********************************************************************************
NOT Crowled! https://www.trtworld.com/americas/timeline-of-events-iran-nuclear-deal-2009-onwards-17299
list index out of range
********************************************************************************
Crowled! :) https://www.history.com/news/north-korea-nuclear-deal-bill-clinton-agreed-framework
********************************************************************************
Crowled! :) https://foreignpolicy.com/2018/05/15/leaving-the-iran-nuclear-deal-will-have-unintended-consequences/
********************************************************************************
NOT Crowled! https://www.reuters.com/article/us-iran-nuclear-iraq/iraq-sending-team-to-u-s-to-seek-deal-on-transactions-with-iran-idUSKCN1LD1ZL
list index out of range
********************************************************************************
NOT Crowled! https://www.thedailybeast.com/congress-we-cant-stop-trump-from-killing-the-iran-deal
HTTPSConnectionPool(host='www.thedailybeast.com', port=443): Max retries exceeded with url: /congress-we-cant-stop-trump-from-killing-the-iran-deal (Caused by NewConnectionError('<urllib3.connection.VerifiedHTTPSConnection object at 0x7f34a499a5f8>: Failed to establish a new connection: [Errno 111] Connection refused'))
********************************************************************************
Crowled! :) https://www.ecfr.eu/article/commentary_europe_should_strike_a_tough_pose_with_trump_on_iran_nuclear
********************************************************************************
NOT Crowled! https://www.reuters.com/article/us-danieli-iran-sanctions/italys-danieli-iranian-orders-blocked-after-u-s-decision-on-nuclear-deal-idUSKCN1II1NL
list index out of range
********************************************************************************
https://www.washingtonpost.com/world/middle_east/mideast-allies-pressed-trump-to-ditch-the-iran-deal-are-they-ready-for-whats-next/2018/05/08/ffeaca18NOT Crowled! https://www.washingtonpost.com/world/middle_east/mideast-allies-pressed-trump-to-ditch-the-iran-deal-are-they-ready-for-whats-next/2018/05/08/ffeaca18-5241-11e8-a6d4-ca1d035642ce_story.html
HTTPSConnectionPool(host='www.washingtonpost.com', port=443): Max retries exceeded with url: /world/middle_east/mideast-allies-pressed-trump-to-ditch-the-iran-deal-are-they-ready-for-whats-next/2018/05/08/ffeaca18-5241-11e8-a6d4-ca1d035642ce_story.html (Caused by SSLError(SSLError("bad handshake: SysCallError(104, 'ECONNRESET')")))
********************************************************************************
Crowled! :) https://www.nbcnews.com/news/world/trump-scraps-iran-nuclear-deal-now-what-n872296
********************************************************************************
Crowled! :) https://foreignpolicy.com/2019/02/21/trump-accidentally-just-triggered-global-nuclear-proliferation/
********************************************************************************
NOT Crowled! https://www.ft.com/content/f87a29b2-6fe8-11e8-92d3-6c13e5c92914
list index out of range
********************************************************************************
NOT Crowled! https://www.ft.com/content/15469eb6-4bbf-11e8-97e4-13afc22d86d4
list index out of range
********************************************************************************
Crowled! :) https://www.ecfr.eu/article/commentary_iran_the_case_for_protecting_humanitarian_trade
********************************************************************************
NOT Crowled! https://www.france24.com/en/20180509-iran-nuclear-eu-us-sanctions-european-firms
list index out of range
********************************************************************************
Crowled! :) http://theconversation.com/trumps-withdrawal-from-iran-deal-could-fracture-alliances-and-jeopardise-north-korea-negotiations-95652
********************************************************************************
NOT Crowled! https://forward.com/opinion/world/400720/whos-most-endangered-by-trumps-iran-deal-exit-israel-say-its-army-chiefs/
HTTPSConnectionPool(host='forward.com', port=443): Max retries exceeded with url: /opinion/world/400720/whos-most-endangered-by-trumps-iran-deal-exit-israel-say-its-army-chiefs/ (Caused by SSLError(SSLError("bad handshake: SysCallError(-1, 'Unexpected EOF')")))
********************************************************************************
NOT Crowled! https://www.haaretz.com/us-news/u-s-and-taliban-draft-peace-deal-framework-potentially-ending-nearly-two-decade-co-1.6877922
HTTPSConnectionPool(host='www.haaretz.com', port=443): Max retries exceeded with url: /us-news/u-s-and-taliban-draft-peace-deal-framework-potentially-ending-nearly-two-decade-co-1.6877922 (Caused by SSLError(SSLError("bad handshake: SysCallError(104, 'ECONNRESET')")))
********************************************************************************
NOT Crowled! https://www.independent.co.uk/news/world/iran-nuclear-deal-latest-trump-macron-us-theresa-may-merkel-europe-response-a8342126.html
list index out of range
********************************************************************************
Crowled! :) https://news.usni.org/2018/05/30/diplomats-eu-wrestling-iran-deal-american-exit
********************************************************************************
https://www.diplomatie.gouv.fr/en/french-foreign-policy/disarmament-and-non-proliferation/events/article/jcpoa-joint-statement-by-france-the-united-kiCrowled! :) https://www.diplomatie.gouv.fr/en/french-foreign-policy/disarmament-and-non-proliferation/events/article/jcpoa-joint-statement-by-france-the-united-kingdom-and-germany-08-05-18
********************************************************************************
NOT Crowled! https://www.alaraby.co.uk/english/comment/2019/2/15/normalising-israel-in-warsaw
list index out of range
********************************************************************************
NOT Crowled! https://www.theonion.com/netanyahu-provides-stunning-new-evidence-that-iranians-1825694150
HTTPSConnectionPool(host='www.theonion.com', port=443): Max retries exceeded with url: /netanyahu-provides-stunning-new-evidence-that-iranians-1825694150 (Caused by SSLError(SSLError("bad handshake: SysCallError(104, 'ECONNRESET')")))
********************************************************************************
NOT Crowled! https://www.newsweek.com/saudi-arabia-wants-be-nuclear-power-israel-has-demands-report-says-1014574
list index out of range
********************************************************************************
Crowled! :) https://www.usatoday.com/story/news/politics/2018/05/08/iran-nuclear-deal-what-does-trumps-move-mean-north-korea-talks/586711002/
********************************************************************************
Crowled! :) https://www.bourseandbazaar.com/articles/2018/3/22/europe-should-strike-a-tough-pose-with-trump-on-the-iran-nuclear-deal
********************************************************************************
NOT Crowled! https://www.thedailybeast.com/the-art-of-the-deal-obamas-with-iran-was-much-better-than-trumps-with-north-korea
HTTPSConnectionPool(host='www.thedailybeast.com', port=443): Max retries exceeded with url: /the-art-of-the-deal-obamas-with-iran-was-much-better-than-trumps-with-north-korea (Caused by NewConnectionError('<urllib3.connection.VerifiedHTTPSConnection object at 0x7f34a4a06710>: Failed to establish a new connection: [Errno 111] Connection refused'))
********************************************************************************
Crowled! :) https://www.nytimes.com/2018/05/11/world/middleeast/iran-nuclear-deal.html
********************************************************************************
Crowled! :) https://airlinegeeks.com/2018/08/25/air-france-british-airways-and-klm-to-suspend-routes-to-tehran/
********************************************************************************
NOT Crowled! https://www.foxnews.com/opinion/the-iran-deal-is-likely-doomed-and-thats-good-news-for-the-us-and-israel
HTTPSConnectionPool(host='www.foxnews.com', port=443): Max retries exceeded with url: /opinion/the-iran-deal-is-likely-doomed-and-thats-good-news-for-the-us-and-israel (Caused by SSLError(SSLError("bad handshake: SysCallError(104, 'ECONNRESET')")))
********************************************************************************
NOT Crowled! https://www.bloomberg.com/news/articles/2018-06-04/iran-can-do-more-after-record-nuclear-inspections-iaea-says
list index out of range
********************************************************************************
NOT Crowled! https://www.turnto23.com/newsy/what-happens-now-that-trump-left-the-iran-nuclear-deal
list index out of range
********************************************************************************
NOT Crowled! https://www.atlanticcouncil.org/blogs/new-atlanticist/where-does-the-p5-1-stand-on-the-iran-nuclear-deal
list index out of range
********************************************************************************
NOT Crowled! https://www.bloomberg.com/opinion/articles/2018-04-30/macron-s-new-iran-deal-deserves-a-chance
list index out of range
********************************************************************************
Crowled! :) https://www.businessinsider.com/john-bolton-meeting-israel-about-iran-2018-5
********************************************************************************
NOT Crowled! https://theweek.com/articles/771471/dishonest-case-against-iran-deal
list index out of range
********************************************************************************
Crowled! :) https://www.nytimes.com/2015/04/03/world/middleeast/iran-nuclear-talks.html
********************************************************************************
NOT Crowled! https://www.foreignpolicyjournal.com/2015/07/23/oman-the-unsung-hero-of-the-iranian-nuclear-deal/
('Connection aborted.', RemoteDisconnected('Remote end closed connection without response'))
********************************************************************************
NOT Crowled! https://www.dailysabah.com/economy/2018/07/20/turkey-to-coordinate-with-european-allies-on-iran-sanctions
list index out of range
********************************************************************************
NOT Crowled! https://thebulletin.org/2018/03/the-bolton-threat-to-the-iran-nuclear-deal/
list index out of range
********************************************************************************
NOT Crowled! https://www.rferl.org/a/iran-s-options-after-u-s-pulls-out-of-nuclear-deal/29217632.html
HTTPSConnectionPool(host='www.rferl.org', port=443): Max retries exceeded with url: /a/iran-s-options-after-u-s-pulls-out-of-nuclear-deal/29217632.html (Caused by SSLError(SSLError("bad handshake: SysCallError(104, 'ECONNRESET')")))
********************************************************************************
Crowled! :) https://www.middleeasteye.net/opinion/europe-must-develop-middle-east-policy-independent-us
********************************************************************************
Crowled! :) https://www.news24.com/SouthAfrica/News/ramaphosa-concerned-over-the-trumps-withdrawal-from-iran-nuclear-deal-20180509
********************************************************************************
NOT Crowled! https://www.timesofisrael.com/iran-lied-netanyahu-drops-a-mossad-bombshell-on-the-iranian-nuclear-deal/
HTTPSConnectionPool(host='www.timesofisrael.com', port=443): Max retries exceeded with url: /iran-lied-netanyahu-drops-a-mossad-bombshell-on-the-iranian-nuclear-deal/ (Caused by SSLError(SSLError("bad handshake: SysCallError(-1, 'Unexpected EOF')")))
********************************************************************************
Crowled! :) https://lobelog.com/implementing-the-iran-nuclear-deal-a-status-report/
********************************************************************************
https://www.washingtonpost.com/world/europe/europeans-scramble-to-save-iran-nuclear-deal-but-face-new-concerns-over-us-sanctions/2018/05/09/39937066-5NOT Crowled! https://www.washingtonpost.com/world/europe/europeans-scramble-to-save-iran-nuclear-deal-but-face-new-concerns-over-us-sanctions/2018/05/09/39937066-536f-11e8-abd8-265bd07a9859_story.html
HTTPSConnectionPool(host='www.washingtonpost.com', port=443): Max retries exceeded with url: /world/europe/europeans-scramble-to-save-iran-nuclear-deal-but-face-new-concerns-over-us-sanctions/2018/05/09/39937066-536f-11e8-abd8-265bd07a9859_story.html (Caused by SSLError(SSLError("bad handshake: SysCallError(104, 'ECONNRESET')")))
********************************************************************************
https://www.business-standard.com/article/international/donald-trump-withdraws-us-from-iran-nuclear-deal-uk-france-germany-stay-committed-10-points-11NOT Crowled! https://www.business-standard.com/article/international/donald-trump-withdraws-us-from-iran-nuclear-deal-uk-france-germany-stay-committed-10-points-118050900276_1.html
list index out of range
********************************************************************************
NOT Crowled! https://www.haaretz.com/middle-east-news/.premium.MAGAZINE-does-iran-really-want-to-nuke-israel-1.6244003
HTTPSConnectionPool(host='www.haaretz.com', port=443): Max retries exceeded with url: /middle-east-news/.premium.MAGAZINE-does-iran-really-want-to-nuke-israel-1.6244003 (Caused by SSLError(SSLError("bad handshake: SysCallError(104, 'ECONNRESET')")))
********************************************************************************
NOT Crowled! https://www.newsweek.com/did-trump-break-law-us-leaves-iran-deal-violates-world-order-risks-war-916173
list index out of range
********************************************************************************
Crowled! :) https://www.thedrive.com/the-war-zone/20717/heres-what-you-need-to-know-about-what-trump-just-did-to-the-iran-nuclear-deal
********************************************************************************
Crowled! :) https://www.businessinsider.com/chinas-role-in-iran-nuclear-deal-2015-8
********************************************************************************
Crowled! :) https://www.npr.org/2018/06/02/616392666/lessons-of-a-collapsed-north-korean-nuclear-deal
********************************************************************************
Crowled! :) https://nypost.com/2018/06/02/experts-doubt-north-korea-really-destroyed-nuclear-test-site/
********************************************************************************
NOT Crowled! https://www.ndtv.com/india-news/eyeing-support-benjamin-netanyahu-updates-pm-modi-on-irans-nuclear-breaches-1847589
HTTPSConnectionPool(host='www.ndtv.com', port=443): Max retries exceeded with url: /india-news/eyeing-support-benjamin-netanyahu-updates-pm-modi-on-irans-nuclear-breaches-1847589 (Caused by SSLError(SSLError("bad handshake: SysCallError(110, 'ETIMEDOUT')")))
********************************************************************************
NOT Crowled! https://www.dw.com/en/german-mps-call-out-irans-human-rights-violations-amid-nuclear-deal-tension/a-43407099
HTTPSConnectionPool(host='www.dw.com', port=443): Max retries exceeded with url: /en/german-mps-call-out-irans-human-rights-violations-amid-nuclear-deal-tension/a-43407099 (Caused by SSLError(SSLError("bad handshake: SysCallError(104, 'ECONNRESET')")))
********************************************************************************
NOT Crowled! https://www.timesofisrael.com/defying-world-trump-says-us-withdrawing-from-iran-nuclear-deal/
HTTPSConnectionPool(host='www.timesofisrael.com', port=443): Max retries exceeded with url: /defying-world-trump-says-us-withdrawing-from-iran-nuclear-deal/ (Caused by SSLError(SSLError("bad handshake: SysCallError(-1, 'Unexpected EOF')")))
********************************************************************************
Crowled! :) https://www.ecfr.eu/publications/summary/divided_at_the_centre_germany_poland_and_the_troubles_of_the_trump_era
********************************************************************************
Crowled! :) https://www.theatlantic.com/international/archive/2015/04/the-real-achievement-of-the-iran-nuclear-deal/389628/
********************************************************************************
NOT Crowled! https://www.thehindu.com/news/international/iran-nuclear-deal-reactions/article23816893.ece
('Connection aborted.', RemoteDisconnected('Remote end closed connection without response'))
********************************************************************************
NOT Crowled! http://wjla.com/news/nation-world/president-trump-says-hell-announce-a-new-iran-nuclear-deal-tomorrow
list index out of range
********************************************************************************
NOT Crowled! https://www.independent.co.uk/news/world/middle-east/iran-nuclear-deal-what-happens-us-pull-out-trump-israel-netanyahu-a8335176.html
list index out of range
********************************************************************************
https://www.independent.co.uk/news/world/middle-east/israel-benjamin-netanyahu-iran-secret-nuclear-files-deal-deadline-trump-project-amad-latest-a8329NOT Crowled! https://www.independent.co.uk/news/world/middle-east/israel-benjamin-netanyahu-iran-secret-nuclear-files-deal-deadline-trump-project-amad-latest-a8329961.html
list index out of range
********************************************************************************
Crowled! :) https://lobelog.com/europe-should-strike-tough-pose-with-trump-on-iran-nuclear-deal/
********************************************************************************
Crowled! :) https://foreignpolicy.com/2018/03/29/trump-should-do-his-nuke-deal-homework-iran-north-korea/
********************************************************************************
Crowled! :) https://www.nbcnews.com/storyline/iran-nuclear-talks/no-one-will-trust-u-s-if-trump-ends-nuclear-n802611
********************************************************************************
Crowled! :) https://www.nytimes.com/2015/04/15/us/senators-reach-deal-on-iran-nuclear-talks.html
********************************************************************************
NOT Crowled! https://www.jta.org/2017/04/24/united-states/what-the-north-korea-crisis-tells-us-about-the-iran-nuclear-deal
HTTPSConnectionPool(host='www.jta.org', port=443): Max retries exceeded with url: /2017/04/24/united-states/what-the-north-korea-crisis-tells-us-about-the-iran-nuclear-deal (Caused by SSLError(SSLError("bad handshake: SysCallError(104, 'ECONNRESET')")))
********************************************************************************
NOT Crowled! https://www.bloomberg.com/opinion/articles/2018-05-10/europe-won-t-rally-around-u-s-sanctions-against-iran
list index out of range
********************************************************************************
Crowled! :) https://www.executive-magazine.com/economics-policy/america-first-is-a-risk-to-lebanon-and-the-middle-east
********************************************************************************
NOT Crowled! https://www.aljazeera.com/indepth/features/2015/04/analysis-iran-nuclear-deal-150403002032133.html
list index out of range
********************************************************************************
NOT Crowled! https://www.washingtonpost.com/news/fact-checker/wp/2018/06/13/fact-checking-president-trumps-claims-about-the-north-korea-deal/
HTTPSConnectionPool(host='www.washingtonpost.com', port=443): Max retries exceeded with url: /news/fact-checker/wp/2018/06/13/fact-checking-president-trumps-claims-about-the-north-korea-deal/ (Caused by SSLError(SSLError("bad handshake: SysCallError(104, 'ECONNRESET')")))
********************************************************************************
Crowled! :) https://www.euractiv.com/section/global-europe/news/trump-slaps-europe-in-the-face-with-iran-deal-pull-out/
********************************************************************************
